ERROR [com.zaxxer.hikari.pool.HikariPool] at com.mysql.cj.jdbc.exceptions.SQLError.createSQLException(SQLError.java:120): Access denied for user 'acme-user'@'%' to database 'starter-project'
WARN [org.springframework.boot.autoconfigure.orm.jpa.DatabaseLookup] at org.springframework.jdbc.support.JdbcUtils.extractDatabaseMetaData(JdbcUtils.java:328): Could not get Connection for extracting meta-data; nested exception is org.springframework.jdbc.CannotGetJdbcConnectionException: Failed to obtain JDBC Connection; nested exception is java.sql.SQLSyntaxErrorException: Access denied for user 'acme-user'@'%' to database 'starter-project'
at org.springframework.jdbc.datasource.DataSourceUtils.getConnection(DataSourceUtils.java:81): Failed to obtain JDBC Connection; nested exception is java.sql.SQLSyntaxErrorException: Access denied for user 'acme-user'@'%' to database 'starter-project'
at com.mysql.cj.jdbc.exceptions.SQLError.createSQLException(SQLError.java:120): Access denied for user 'acme-user'@'%' to database 'starter-project'
ERROR [com.zaxxer.hikari.pool.HikariPool] at com.mysql.cj.jdbc.exceptions.SQLError.createSQLException(SQLError.java:120): Access denied for user 'acme-user'@'%' to database 'starter-project'
WARN [org.hibernate.engine.jdbc.env.internal.JdbcEnvironmentInitiator] HHH000342: Could not obtain connection to query metadata : Access denied for user 'acme-user'@'%' to database 'starter-project'
WARN [org.springframework.boot.web.servlet.context.AnnotationConfigServletWebServerApplicationContext] Exception encountered during context initialization - cancelling refresh attempt: org.springframework.beans.factory.BeanCreationException: Error creating bean with name 'entityManagerFactory' defined in class path resource [org/springframework/boot/autoconfigure/orm/jpa/HibernateJpaConfiguration.class]: Invocation of init method failed; nested exception is org.hibernate.service.spi.ServiceException: Unable to create requested service [org.hibernate.engine.jdbc.env.spi.JdbcEnvironment]
ERROR [org.springframework.boot.SpringApplication] at org.springframework.beans.factory.support.AbstractAutowireCapableBeanFactory.initializeBean(AbstractAutowireCapableBeanFactory.java:1778): Error creating bean with name 'entityManagerFactory' defined in class path resource [org/springframework/boot/autoconfigure/orm/jpa/HibernateJpaConfiguration.class]: Invocation of init method failed; nested exception is org.hibernate.service.spi.ServiceException: Unable to create requested service [org.hibernate.engine.jdbc.env.spi.JdbcEnvironment]
at org.hibernate.service.internal.AbstractServiceRegistryImpl.createService(AbstractServiceRegistryImpl.java:275): Unable to create requested service [org.hibernate.engine.jdbc.env.spi.JdbcEnvironment]
at org.hibernate.engine.jdbc.dialect.internal.DialectFactoryImpl.determineDialect(DialectFactoryImpl.java:100): Access to DialectResolutionInfo cannot be null when 'hibernate.dialect' not set
ERROR [com.zaxxer.hikari.pool.HikariPool] at com.mysql.cj.jdbc.exceptions.SQLError.createSQLException(SQLError.java:120): Access denied for user 'acme-user'@'%' to database 'starter-project'
WARN [org.springframework.boot.autoconfigure.orm.jpa.DatabaseLookup] at org.springframework.jdbc.support.JdbcUtils.extractDatabaseMetaData(JdbcUtils.java:328): Could not get Connection for extracting meta-data; nested exception is org.springframework.jdbc.CannotGetJdbcConnectionException: Failed to obtain JDBC Connection; nested exception is java.sql.SQLSyntaxErrorException: Access denied for user 'acme-user'@'%' to database 'starter-project'
at org.springframework.jdbc.datasource.DataSourceUtils.getConnection(DataSourceUtils.java:81): Failed to obtain JDBC Connection; nested exception is java.sql.SQLSyntaxErrorException: Access denied for user 'acme-user'@'%' to database 'starter-project'
at com.mysql.cj.jdbc.exceptions.SQLError.createSQLException(SQLError.java:120): Access denied for user 'acme-user'@'%' to database 'starter-project'
ERROR [com.zaxxer.hikari.pool.HikariPool] at com.mysql.cj.jdbc.exceptions.SQLError.createSQLException(SQLError.java:120): Access denied for user 'acme-user'@'%' to database 'starter-project'
WARN [org.hibernate.engine.jdbc.env.internal.JdbcEnvironmentInitiator] HHH000342: Could not obtain connection to query metadata : Access denied for user 'acme-user'@'%' to database 'starter-project'
WARN [org.springframework.boot.web.servlet.context.AnnotationConfigServletWebServerApplicationContext] Exception encountered during context initialization - cancelling refresh attempt: org.springframework.beans.factory.BeanCreationException: Error creating bean with name 'entityManagerFactory' defined in class path resource [org/springframework/boot/autoconfigure/orm/jpa/HibernateJpaConfiguration.class]: Invocation of init method failed; nested exception is org.hibernate.service.spi.ServiceException: Unable to create requested service [org.hibernate.engine.jdbc.env.spi.JdbcEnvironment]
ERROR [org.springframework.boot.SpringApplication] at org.springframework.beans.factory.support.AbstractAutowireCapableBeanFactory.initializeBean(AbstractAutowireCapableBeanFactory.java:1778): Error creating bean with name 'entityManagerFactory' defined in class path resource [org/springframework/boot/autoconfigure/orm/jpa/HibernateJpaConfiguration.class]: Invocation of init method failed; nested exception is org.hibernate.service.spi.ServiceException: Unable to create requested service [org.hibernate.engine.jdbc.env.spi.JdbcEnvironment]
at org.hibernate.service.internal.AbstractServiceRegistryImpl.createService(AbstractServiceRegistryImpl.java:275): Unable to create requested service [org.hibernate.engine.jdbc.env.spi.JdbcEnvironment]
at org.hibernate.engine.jdbc.dialect.internal.DialectFactoryImpl.determineDialect(DialectFactoryImpl.java:100): Access to DialectResolutionInfo cannot be null when 'hibernate.dialect' not set
ERROR [com.zaxxer.hikari.pool.HikariPool] at com.mysql.cj.jdbc.exceptions.SQLError.createSQLException(SQLError.java:120): Access denied for user 'acme-user'@'%' to database 'starter-project'
WARN [org.springframework.boot.autoconfigure.orm.jpa.DatabaseLookup] at org.springframework.jdbc.support.JdbcUtils.extractDatabaseMetaData(JdbcUtils.java:328): Could not get Connection for extracting meta-data; nested exception is org.springframework.jdbc.CannotGetJdbcConnectionException: Failed to obtain JDBC Connection; nested exception is java.sql.SQLSyntaxErrorException: Access denied for user 'acme-user'@'%' to database 'starter-project'
at org.springframework.jdbc.datasource.DataSourceUtils.getConnection(DataSourceUtils.java:81): Failed to obtain JDBC Connection; nested exception is java.sql.SQLSyntaxErrorException: Access denied for user 'acme-user'@'%' to database 'starter-project'
at com.mysql.cj.jdbc.exceptions.SQLError.createSQLException(SQLError.java:120): Access denied for user 'acme-user'@'%' to database 'starter-project'
ERROR [com.zaxxer.hikari.pool.HikariPool] at com.mysql.cj.jdbc.exceptions.SQLError.createSQLException(SQLError.java:120): Access denied for user 'acme-user'@'%' to database 'starter-project'
WARN [org.hibernate.engine.jdbc.env.internal.JdbcEnvironmentInitiator] HHH000342: Could not obtain connection to query metadata : Access denied for user 'acme-user'@'%' to database 'starter-project'
WARN [org.springframework.boot.web.servlet.context.AnnotationConfigServletWebServerApplicationContext] Exception encountered during context initialization - cancelling refresh attempt: org.springframework.beans.factory.BeanCreationException: Error creating bean with name 'entityManagerFactory' defined in class path resource [org/springframework/boot/autoconfigure/orm/jpa/HibernateJpaConfiguration.class]: Invocation of init method failed; nested exception is org.hibernate.service.spi.ServiceException: Unable to create requested service [org.hibernate.engine.jdbc.env.spi.JdbcEnvironment]
ERROR [org.springframework.boot.SpringApplication] at org.springframework.beans.factory.support.AbstractAutowireCapableBeanFactory.initializeBean(AbstractAutowireCapableBeanFactory.java:1778): Error creating bean with name 'entityManagerFactory' defined in class path resource [org/springframework/boot/autoconfigure/orm/jpa/HibernateJpaConfiguration.class]: Invocation of init method failed; nested exception is org.hibernate.service.spi.ServiceException: Unable to create requested service [org.hibernate.engine.jdbc.env.spi.JdbcEnvironment]
at org.hibernate.service.internal.AbstractServiceRegistryImpl.createService(AbstractServiceRegistryImpl.java:275): Unable to create requested service [org.hibernate.engine.jdbc.env.spi.JdbcEnvironment]
at org.hibernate.engine.jdbc.dialect.internal.DialectFactoryImpl.determineDialect(DialectFactoryImpl.java:100): Access to DialectResolutionInfo cannot be null when 'hibernate.dialect' not set
WARN [org.springframework.boot.web.servlet.context.AnnotationConfigServletWebServerApplicationContext] Exception encountered during context initialization - cancelling refresh attempt: org.springframework.beans.factory.BeanCreationException: Error creating bean with name 'entityManagerFactory' defined in class path resource [org/springframework/boot/autoconfigure/orm/jpa/HibernateJpaConfiguration.class]: Invocation of init method failed; nested exception is javax.persistence.PersistenceException: [PersistenceUnit: default] Unable to build Hibernate SessionFactory; nested exception is org.hibernate.tool.schema.spi.SchemaManagementException: Schema-validation: missing table [administrator]
ERROR [org.springframework.boot.SpringApplication] at org.springframework.beans.factory.support.AbstractAutowireCapableBeanFactory.initializeBean(AbstractAutowireCapableBeanFactory.java:1778): Error creating bean with name 'entityManagerFactory' defined in class path resource [org/springframework/boot/autoconfigure/orm/jpa/HibernateJpaConfiguration.class]: Invocation of init method failed; nested exception is javax.persistence.PersistenceException: [PersistenceUnit: default] Unable to build Hibernate SessionFactory; nested exception is org.hibernate.tool.schema.spi.SchemaManagementException: Schema-validation: missing table [administrator]
at org.springframework.orm.jpa.AbstractEntityManagerFactoryBean.buildNativeEntityManagerFactory(AbstractEntityManagerFactoryBean.java:402): [PersistenceUnit: default] Unable to build Hibernate SessionFactory; nested exception is org.hibernate.tool.schema.spi.SchemaManagementException: Schema-validation: missing table [administrator]
at org.hibernate.tool.schema.internal.AbstractSchemaValidator.validateTable(AbstractSchemaValidator.java:121): Schema-validation: missing table [administrator]
ERROR [org.apache.catalina.core.ContainerBase.[Tomcat].[localhost].[/acme-incubator].[jsp]] at acme.framework.services.AuthenticationService.loadUserByUsername(AuthenticationService.java:52): anonymous
ERROR [org.apache.catalina.core.ContainerBase.[Tomcat].[localhost].[/acme-incubator].[jsp]] at acme.framework.services.AuthenticationService.loadUserByUsername(AuthenticationService.java:52): anonymous
ERROR [org.apache.catalina.core.ContainerBase.[Tomcat].[localhost].[/acme-incubator].[jsp]] at acme.framework.services.AuthenticationService.loadUserByUsername(AuthenticationService.java:52): anonymous
ERROR [org.apache.catalina.core.ContainerBase.[Tomcat].[localhost].[/acme-incubator].[jsp]] at acme.framework.services.AuthenticationService.loadUserByUsername(AuthenticationService.java:52): anonymous
ERROR [org.apache.catalina.core.ContainerBase.[Tomcat].[localhost].[/acme-incubator].[jsp]] at acme.framework.services.AuthenticationService.loadUserByUsername(AuthenticationService.java:52): anonymous
ERROR [org.apache.catalina.core.ContainerBase.[Tomcat].[localhost].[/acme-incubator].[jsp]] at acme.framework.services.AuthenticationService.loadUserByUsername(AuthenticationService.java:52): anonymous
ERROR [org.apache.catalina.core.ContainerBase.[Tomcat].[localhost].[/acme-incubator].[jsp]] at acme.framework.services.AuthenticationService.loadUserByUsername(AuthenticationService.java:52): anonymous
ERROR [org.apache.catalina.core.ContainerBase.[Tomcat].[localhost].[/acme-incubator].[jsp]] at acme.framework.services.AuthenticationService.loadUserByUsername(AuthenticationService.java:52): anonymous
ERROR [org.apache.catalina.core.ContainerBase.[Tomcat].[localhost].[/acme-incubator].[jsp]] at acme.framework.services.AuthenticationService.loadUserByUsername(AuthenticationService.java:52): anonymous
ERROR [org.apache.catalina.core.ContainerBase.[Tomcat].[localhost].[/acme-incubator].[jsp]] at acme.framework.services.AuthenticationService.loadUserByUsername(AuthenticationService.java:52): anonymous
ERROR [org.apache.catalina.core.ContainerBase.[Tomcat].[localhost].[/acme-incubator].[jsp]] at acme.framework.services.AuthenticationService.loadUserByUsername(AuthenticationService.java:52): anonymous
ERROR [org.apache.catalina.core.ContainerBase.[Tomcat].[localhost].[/acme-incubator].[jsp]] at acme.framework.services.AuthenticationService.loadUserByUsername(AuthenticationService.java:52): anonymous
ERROR [org.apache.catalina.core.ContainerBase.[Tomcat].[localhost].[/acme-incubator].[jsp]] at acme.framework.services.AuthenticationService.loadUserByUsername(AuthenticationService.java:52): anonymous
ERROR [org.apache.catalina.core.ContainerBase.[Tomcat].[localhost].[/acme-incubator].[jsp]] at acme.framework.services.AuthenticationService.loadUserByUsername(AuthenticationService.java:52): anonymous
ERROR [org.apache.catalina.core.ContainerBase.[Tomcat].[localhost].[/acme-incubator].[jsp]] at acme.framework.services.AuthenticationService.loadUserByUsername(AuthenticationService.java:52): anonymous
ERROR [org.apache.catalina.core.ContainerBase.[Tomcat].[localhost].[/acme-incubator].[jsp]] at acme.framework.services.AuthenticationService.loadUserByUsername(AuthenticationService.java:52): anonymous
ERROR [org.apache.catalina.core.ContainerBase.[Tomcat].[localhost].[/acme-incubator].[jsp]] at acme.framework.services.AuthenticationService.loadUserByUsername(AuthenticationService.java:52): anonymous
ERROR [org.apache.catalina.core.ContainerBase.[Tomcat].[localhost].[/acme-incubator].[jsp]] at acme.framework.services.AuthenticationService.loadUserByUsername(AuthenticationService.java:52): anonymous
ERROR [org.apache.catalina.core.ContainerBase.[Tomcat].[localhost].[/acme-incubator].[jsp]] at acme.framework.services.AuthenticationService.loadUserByUsername(AuthenticationService.java:52): anonymous
ERROR [org.apache.catalina.core.ContainerBase.[Tomcat].[localhost].[/acme-incubator].[jsp]] at acme.framework.services.AuthenticationService.loadUserByUsername(AuthenticationService.java:52): anonymous
ERROR [org.apache.catalina.core.ContainerBase.[Tomcat].[localhost].[/acme-incubator].[jsp]] at acme.framework.services.AuthenticationService.loadUserByUsername(AuthenticationService.java:52): anonymous
ERROR [org.apache.catalina.core.ContainerBase.[Tomcat].[localhost].[/acme-incubator].[jsp]] at acme.framework.services.AuthenticationService.loadUserByUsername(AuthenticationService.java:52): anonymous
ERROR [org.apache.catalina.core.ContainerBase.[Tomcat].[localhost].[/acme-incubator].[jsp]] at acme.framework.services.AuthenticationService.loadUserByUsername(AuthenticationService.java:52): anonymous
ERROR [org.apache.catalina.core.ContainerBase.[Tomcat].[localhost].[/acme-incubator].[jsp]] at acme.framework.services.AuthenticationService.loadUserByUsername(AuthenticationService.java:52): anonymous
ERROR [org.apache.catalina.core.ContainerBase.[Tomcat].[localhost].[/acme-incubator].[jsp]] at acme.framework.services.AuthenticationService.loadUserByUsername(AuthenticationService.java:52): anonymous
ERROR [org.apache.catalina.core.ContainerBase.[Tomcat].[localhost].[/acme-incubator].[jsp]] at acme.framework.services.AuthenticationService.loadUserByUsername(AuthenticationService.java:52): anonymous
ERROR [org.apache.catalina.core.ContainerBase.[Tomcat].[localhost].[/acme-incubator].[jsp]] at acme.framework.services.AuthenticationService.loadUserByUsername(AuthenticationService.java:52): anonymous
ERROR [org.apache.catalina.core.ContainerBase.[Tomcat].[localhost].[/acme-incubator].[jsp]] at acme.framework.services.AuthenticationService.loadUserByUsername(AuthenticationService.java:52): anonymous
ERROR [org.apache.catalina.core.ContainerBase.[Tomcat].[localhost].[/acme-incubator].[jsp]] at acme.framework.services.AuthenticationService.loadUserByUsername(AuthenticationService.java:52): anonymous
ERROR [org.apache.catalina.core.ContainerBase.[Tomcat].[localhost].[/acme-incubator].[jsp]] at acme.framework.services.AuthenticationService.loadUserByUsername(AuthenticationService.java:52): anonymous
ERROR [org.apache.catalina.core.ContainerBase.[Tomcat].[localhost].[/acme-incubator].[jsp]] at acme.framework.services.AuthenticationService.loadUserByUsername(AuthenticationService.java:52): anonymous
ERROR [org.apache.catalina.core.ContainerBase.[Tomcat].[localhost].[/acme-incubator].[jsp]] at acme.framework.services.AuthenticationService.loadUserByUsername(AuthenticationService.java:52): anonymous
ERROR [org.apache.catalina.core.ContainerBase.[Tomcat].[localhost].[/acme-incubator].[jsp]] at acme.framework.services.AuthenticationService.loadUserByUsername(AuthenticationService.java:52): anonymous
ERROR [org.apache.catalina.core.ContainerBase.[Tomcat].[localhost].[/acme-incubator].[jsp]] at acme.framework.services.AuthenticationService.loadUserByUsername(AuthenticationService.java:52): anonymous
ERROR [org.apache.catalina.core.ContainerBase.[Tomcat].[localhost].[/acme-incubator].[jsp]] at acme.framework.services.AuthenticationService.loadUserByUsername(AuthenticationService.java:52): anonymous
ERROR [org.apache.catalina.core.ContainerBase.[Tomcat].[localhost].[/acme-incubator].[jsp]] at acme.framework.services.AuthenticationService.loadUserByUsername(AuthenticationService.java:52): anonymous
ERROR [org.apache.catalina.core.ContainerBase.[Tomcat].[localhost].[/acme-incubator].[jsp]] at acme.framework.services.AuthenticationService.loadUserByUsername(AuthenticationService.java:52): anonymous
ERROR [org.apache.catalina.core.ContainerBase.[Tomcat].[localhost].[/acme-incubator].[jsp]] at acme.framework.services.AuthenticationService.loadUserByUsername(AuthenticationService.java:52): anonymous
ERROR [org.apache.catalina.core.ContainerBase.[Tomcat].[localhost].[/acme-incubator].[jsp]] at acme.framework.services.AuthenticationService.loadUserByUsername(AuthenticationService.java:52): anonymous
ERROR [org.apache.catalina.core.ContainerBase.[Tomcat].[localhost].[/acme-incubator].[jsp]] at acme.framework.services.AuthenticationService.loadUserByUsername(AuthenticationService.java:52): anonymous
ERROR [org.apache.catalina.core.ContainerBase.[Tomcat].[localhost].[/acme-incubator].[jsp]] at acme.framework.services.AuthenticationService.loadUserByUsername(AuthenticationService.java:52): anonymous
ERROR [org.apache.catalina.core.ContainerBase.[Tomcat].[localhost].[/acme-incubator].[jsp]] at acme.framework.services.AuthenticationService.loadUserByUsername(AuthenticationService.java:52): anonymous
ERROR [org.apache.catalina.core.ContainerBase.[Tomcat].[localhost].[/acme-incubator].[jsp]] at acme.framework.services.AuthenticationService.loadUserByUsername(AuthenticationService.java:52): anonymous
ERROR [org.apache.catalina.core.ContainerBase.[Tomcat].[localhost].[/acme-incubator].[jsp]] at acme.framework.services.AuthenticationService.loadUserByUsername(AuthenticationService.java:52): anonymous
ERROR [org.apache.catalina.core.ContainerBase.[Tomcat].[localhost].[/acme-incubator].[jsp]] at acme.framework.services.AuthenticationService.loadUserByUsername(AuthenticationService.java:52): anonymous
ERROR [org.apache.catalina.core.ContainerBase.[Tomcat].[localhost].[/acme-incubator].[jsp]] at acme.framework.services.AuthenticationService.loadUserByUsername(AuthenticationService.java:52): anonymous
ERROR [org.apache.catalina.core.ContainerBase.[Tomcat].[localhost].[/acme-incubator].[jsp]] at acme.framework.services.AuthenticationService.loadUserByUsername(AuthenticationService.java:52): anonymous
ERROR [org.apache.catalina.core.ContainerBase.[Tomcat].[localhost].[/acme-incubator].[jsp]] at acme.framework.services.AuthenticationService.loadUserByUsername(AuthenticationService.java:52): anonymous
ERROR [org.apache.catalina.core.ContainerBase.[Tomcat].[localhost].[/acme-incubator].[jsp]] at acme.framework.services.AuthenticationService.loadUserByUsername(AuthenticationService.java:52): anonymous
ERROR [org.apache.catalina.core.ContainerBase.[Tomcat].[localhost].[/acme-incubator].[jsp]] at acme.framework.services.AuthenticationService.loadUserByUsername(AuthenticationService.java:52): anonymous
ERROR [org.apache.catalina.core.ContainerBase.[Tomcat].[localhost].[/acme-incubator].[jsp]] at acme.framework.services.AuthenticationService.loadUserByUsername(AuthenticationService.java:52): anonymous
ERROR [org.apache.catalina.core.ContainerBase.[Tomcat].[localhost].[/acme-incubator].[jsp]] at acme.framework.services.AuthenticationService.loadUserByUsername(AuthenticationService.java:52): anonymous
ERROR [org.apache.catalina.core.ContainerBase.[Tomcat].[localhost].[/acme-incubator].[jsp]] at acme.framework.services.AuthenticationService.loadUserByUsername(AuthenticationService.java:52): anonymous
ERROR [org.apache.catalina.core.ContainerBase.[Tomcat].[localhost].[/acme-incubator].[jsp]] at acme.framework.services.AuthenticationService.loadUserByUsername(AuthenticationService.java:52): anonymous
ERROR [org.apache.catalina.core.ContainerBase.[Tomcat].[localhost].[/acme-incubator].[jsp]] at acme.framework.services.AuthenticationService.loadUserByUsername(AuthenticationService.java:52): anonymous
ERROR [org.apache.catalina.core.ContainerBase.[Tomcat].[localhost].[/acme-incubator].[jsp]] at acme.framework.services.AuthenticationService.loadUserByUsername(AuthenticationService.java:52): anonymous
ERROR [org.apache.catalina.core.ContainerBase.[Tomcat].[localhost].[/acme-incubator].[jsp]] at acme.framework.services.AuthenticationService.loadUserByUsername(AuthenticationService.java:52): anonymous
ERROR [org.apache.catalina.core.ContainerBase.[Tomcat].[localhost].[/acme-incubator].[jsp]] at acme.framework.services.AuthenticationService.loadUserByUsername(AuthenticationService.java:52): anonymous
ERROR [org.apache.catalina.core.ContainerBase.[Tomcat].[localhost].[/acme-incubator].[jsp]] at acme.framework.services.AuthenticationService.loadUserByUsername(AuthenticationService.java:52): anonymous
ERROR [org.apache.catalina.core.ContainerBase.[Tomcat].[localhost].[/acme-incubator].[jsp]] at acme.framework.services.AuthenticationService.loadUserByUsername(AuthenticationService.java:52): anonymous
ERROR [org.apache.catalina.core.ContainerBase.[Tomcat].[localhost].[/acme-incubator].[jsp]] at acme.framework.services.AuthenticationService.loadUserByUsername(AuthenticationService.java:52): anonymous
ERROR [org.apache.catalina.core.ContainerBase.[Tomcat].[localhost].[/acme-incubator].[jsp]] at acme.framework.services.AuthenticationService.loadUserByUsername(AuthenticationService.java:52): anonymous
ERROR [org.apache.catalina.core.ContainerBase.[Tomcat].[localhost].[/acme-incubator].[jsp]] at acme.framework.services.AuthenticationService.loadUserByUsername(AuthenticationService.java:52): anonymous
ERROR [org.apache.catalina.core.ContainerBase.[Tomcat].[localhost].[/acme-incubator].[jsp]] at acme.framework.services.AuthenticationService.loadUserByUsername(AuthenticationService.java:52): anonymous
ERROR [org.apache.catalina.core.ContainerBase.[Tomcat].[localhost].[/acme-incubator].[jsp]] at acme.framework.services.AuthenticationService.loadUserByUsername(AuthenticationService.java:52): anonymous
ERROR [org.apache.catalina.core.ContainerBase.[Tomcat].[localhost].[/acme-incubator].[jsp]] at acme.framework.services.AuthenticationService.loadUserByUsername(AuthenticationService.java:52): anonymous
ERROR [org.apache.catalina.core.ContainerBase.[Tomcat].[localhost].[/acme-incubator].[jsp]] at acme.framework.services.AuthenticationService.loadUserByUsername(AuthenticationService.java:52): anonymous
ERROR [org.apache.catalina.core.ContainerBase.[Tomcat].[localhost].[/acme-incubator].[jsp]] at acme.framework.services.AuthenticationService.loadUserByUsername(AuthenticationService.java:52): anonymous
ERROR [org.apache.catalina.core.ContainerBase.[Tomcat].[localhost].[/acme-incubator].[jsp]] at acme.framework.services.AuthenticationService.loadUserByUsername(AuthenticationService.java:52): anonymous
ERROR [org.apache.catalina.core.ContainerBase.[Tomcat].[localhost].[/acme-incubator].[jsp]] at acme.framework.services.AuthenticationService.loadUserByUsername(AuthenticationService.java:52): anonymous
ERROR [org.apache.catalina.core.ContainerBase.[Tomcat].[localhost].[/acme-incubator].[jsp]] at acme.framework.services.AuthenticationService.loadUserByUsername(AuthenticationService.java:52): anonymous
ERROR [org.apache.catalina.core.ContainerBase.[Tomcat].[localhost].[/acme-incubator].[jsp]] at acme.framework.services.AuthenticationService.loadUserByUsername(AuthenticationService.java:52): anonymous
ERROR [org.apache.catalina.core.ContainerBase.[Tomcat].[localhost].[/acme-incubator].[jsp]] at acme.framework.services.AuthenticationService.loadUserByUsername(AuthenticationService.java:52): anonymous
ERROR [org.apache.catalina.core.ContainerBase.[Tomcat].[localhost].[/acme-incubator].[jsp]] at acme.framework.services.AuthenticationService.loadUserByUsername(AuthenticationService.java:52): anonymous
ERROR [org.apache.catalina.core.ContainerBase.[Tomcat].[localhost].[/acme-incubator].[jsp]] at acme.framework.services.AuthenticationService.loadUserByUsername(AuthenticationService.java:52): anonymous
ERROR [org.apache.catalina.core.ContainerBase.[Tomcat].[localhost].[/acme-incubator].[jsp]] at acme.framework.services.AuthenticationService.loadUserByUsername(AuthenticationService.java:52): anonymous
ERROR [org.apache.catalina.core.ContainerBase.[Tomcat].[localhost].[/acme-incubator].[jsp]] at acme.framework.services.AuthenticationService.loadUserByUsername(AuthenticationService.java:52): anonymous
ERROR [org.apache.catalina.core.ContainerBase.[Tomcat].[localhost].[/acme-incubator].[jsp]] at acme.framework.services.AuthenticationService.loadUserByUsername(AuthenticationService.java:52): anonymous
ERROR [org.apache.catalina.core.ContainerBase.[Tomcat].[localhost].[/acme-incubator].[jsp]] at acme.framework.services.AuthenticationService.loadUserByUsername(AuthenticationService.java:52): anonymous
ERROR [org.apache.catalina.core.ContainerBase.[Tomcat].[localhost].[/acme-incubator].[jsp]] at acme.framework.services.AuthenticationService.loadUserByUsername(AuthenticationService.java:52): anonymous
ERROR [org.apache.catalina.core.ContainerBase.[Tomcat].[localhost].[/acme-incubator].[jsp]] at acme.framework.services.AuthenticationService.loadUserByUsername(AuthenticationService.java:52): anonymous
ERROR [org.apache.catalina.core.ContainerBase.[Tomcat].[localhost].[/acme-incubator].[jsp]] at acme.framework.services.AuthenticationService.loadUserByUsername(AuthenticationService.java:52): anonymous
ERROR [org.apache.catalina.core.ContainerBase.[Tomcat].[localhost].[/acme-incubator].[jsp]] at acme.framework.services.AuthenticationService.loadUserByUsername(AuthenticationService.java:52): anonymous
ERROR [org.apache.catalina.core.ContainerBase.[Tomcat].[localhost].[/acme-incubator].[jsp]] at acme.framework.services.AuthenticationService.loadUserByUsername(AuthenticationService.java:52): anonymous
ERROR [org.apache.catalina.core.ContainerBase.[Tomcat].[localhost].[/acme-incubator].[jsp]] at acme.framework.services.AuthenticationService.loadUserByUsername(AuthenticationService.java:52): anonymous
ERROR [org.apache.catalina.core.ContainerBase.[Tomcat].[localhost].[/acme-incubator].[jsp]] at acme.framework.services.AuthenticationService.loadUserByUsername(AuthenticationService.java:52): anonymous
ERROR [org.apache.catalina.core.ContainerBase.[Tomcat].[localhost].[/acme-incubator].[jsp]] at acme.framework.services.AuthenticationService.loadUserByUsername(AuthenticationService.java:52): anonymous
ERROR [org.apache.catalina.core.ContainerBase.[Tomcat].[localhost].[/acme-incubator].[jsp]] at acme.framework.services.AuthenticationService.loadUserByUsername(AuthenticationService.java:52): anonymous
ERROR [org.apache.catalina.core.ContainerBase.[Tomcat].[localhost].[/acme-incubator].[jsp]] at acme.framework.services.AuthenticationService.loadUserByUsername(AuthenticationService.java:52): anonymous
ERROR [org.apache.catalina.core.ContainerBase.[Tomcat].[localhost].[/acme-incubator].[jsp]] at acme.framework.services.AuthenticationService.loadUserByUsername(AuthenticationService.java:52): anonymous
ERROR [org.apache.catalina.core.ContainerBase.[Tomcat].[localhost].[/acme-incubator].[jsp]] at acme.framework.services.AuthenticationService.loadUserByUsername(AuthenticationService.java:52): anonymous
ERROR [org.apache.catalina.core.ContainerBase.[Tomcat].[localhost].[/acme-incubator].[jsp]] at acme.framework.services.AuthenticationService.loadUserByUsername(AuthenticationService.java:52): anonymous
ERROR [org.apache.catalina.core.ContainerBase.[Tomcat].[localhost].[/acme-incubator].[jsp]] at acme.framework.services.AuthenticationService.loadUserByUsername(AuthenticationService.java:52): anonymous
ERROR [org.apache.catalina.core.ContainerBase.[Tomcat].[localhost].[/acme-incubator].[jsp]] at acme.framework.services.AuthenticationService.loadUserByUsername(AuthenticationService.java:52): anonymous
ERROR [org.apache.catalina.core.ContainerBase.[Tomcat].[localhost].[/acme-incubator].[jsp]] at acme.framework.services.AuthenticationService.loadUserByUsername(AuthenticationService.java:52): anonymous
ERROR [org.apache.catalina.core.ContainerBase.[Tomcat].[localhost].[/acme-incubator].[jsp]] at acme.framework.services.AuthenticationService.loadUserByUsername(AuthenticationService.java:52): anonymous
ERROR [org.apache.catalina.core.ContainerBase.[Tomcat].[localhost].[/acme-incubator].[jsp]] at acme.framework.services.AuthenticationService.loadUserByUsername(AuthenticationService.java:52): anonymous
ERROR [org.apache.catalina.core.ContainerBase.[Tomcat].[localhost].[/acme-incubator].[jsp]] at acme.framework.services.AuthenticationService.loadUserByUsername(AuthenticationService.java:52): anonymous
ERROR [org.apache.catalina.core.ContainerBase.[Tomcat].[localhost].[/acme-incubator].[jsp]] at acme.framework.services.AuthenticationService.loadUserByUsername(AuthenticationService.java:52): anonymous
ERROR [org.apache.catalina.core.ContainerBase.[Tomcat].[localhost].[/acme-incubator].[jsp]] at acme.framework.services.AuthenticationService.loadUserByUsername(AuthenticationService.java:52): anonymous
ERROR [org.apache.catalina.core.ContainerBase.[Tomcat].[localhost].[/acme-incubator].[jsp]] at acme.framework.services.AuthenticationService.loadUserByUsername(AuthenticationService.java:52): anonymous
ERROR [org.apache.catalina.core.ContainerBase.[Tomcat].[localhost].[/acme-incubator].[jsp]] at acme.framework.services.AuthenticationService.loadUserByUsername(AuthenticationService.java:52): anonymous
ERROR [org.apache.catalina.core.ContainerBase.[Tomcat].[localhost].[/acme-incubator].[jsp]] at acme.framework.services.AuthenticationService.loadUserByUsername(AuthenticationService.java:52): anonymous
ERROR [org.apache.catalina.core.ContainerBase.[Tomcat].[localhost].[/acme-incubator].[jsp]] at acme.framework.services.AuthenticationService.loadUserByUsername(AuthenticationService.java:52): anonymous
ERROR [org.apache.catalina.core.ContainerBase.[Tomcat].[localhost].[/acme-incubator].[jsp]] at acme.framework.services.AuthenticationService.loadUserByUsername(AuthenticationService.java:52): anonymous
ERROR [org.apache.catalina.core.ContainerBase.[Tomcat].[localhost].[/acme-incubator].[jsp]] at acme.framework.services.AuthenticationService.loadUserByUsername(AuthenticationService.java:52): anonymous
ERROR [org.apache.catalina.core.ContainerBase.[Tomcat].[localhost].[/acme-incubator].[jsp]] at acme.framework.services.AuthenticationService.loadUserByUsername(AuthenticationService.java:52): anonymous
ERROR [org.apache.catalina.core.ContainerBase.[Tomcat].[localhost].[/acme-incubator].[jsp]] at acme.framework.services.AuthenticationService.loadUserByUsername(AuthenticationService.java:52): anonymous
ERROR [org.apache.catalina.core.ContainerBase.[Tomcat].[localhost].[/acme-incubator].[jsp]] at acme.framework.services.AuthenticationService.loadUserByUsername(AuthenticationService.java:52): anonymous
ERROR [org.apache.catalina.core.ContainerBase.[Tomcat].[localhost].[/acme-incubator].[jsp]] at acme.framework.services.AuthenticationService.loadUserByUsername(AuthenticationService.java:52): anonymous
ERROR [org.apache.catalina.core.ContainerBase.[Tomcat].[localhost].[/acme-incubator].[jsp]] at acme.framework.services.AuthenticationService.loadUserByUsername(AuthenticationService.java:52): anonymous
ERROR [org.apache.catalina.core.ContainerBase.[Tomcat].[localhost].[/acme-incubator].[jsp]] at acme.framework.services.AuthenticationService.loadUserByUsername(AuthenticationService.java:52): anonymous
ERROR [org.apache.catalina.core.ContainerBase.[Tomcat].[localhost].[/acme-incubator].[jsp]] at acme.framework.services.AuthenticationService.loadUserByUsername(AuthenticationService.java:52): anonymous
ERROR [org.apache.catalina.core.ContainerBase.[Tomcat].[localhost].[/acme-incubator].[jsp]] at acme.framework.services.AuthenticationService.loadUserByUsername(AuthenticationService.java:52): anonymous
ERROR [org.apache.catalina.core.ContainerBase.[Tomcat].[localhost].[/acme-incubator].[jsp]] at acme.framework.services.AuthenticationService.loadUserByUsername(AuthenticationService.java:52): anonymous
ERROR [org.apache.catalina.core.ContainerBase.[Tomcat].[localhost].[/acme-incubator].[jsp]] at acme.framework.services.AuthenticationService.loadUserByUsername(AuthenticationService.java:52): anonymous
ERROR [org.apache.catalina.core.ContainerBase.[Tomcat].[localhost].[/acme-incubator].[jsp]] at acme.framework.services.AuthenticationService.loadUserByUsername(AuthenticationService.java:52): anonymous
ERROR [org.apache.catalina.core.ContainerBase.[Tomcat].[localhost].[/acme-incubator].[jsp]] at acme.framework.services.AuthenticationService.loadUserByUsername(AuthenticationService.java:52): anonymous
ERROR [org.apache.catalina.core.ContainerBase.[Tomcat].[localhost].[/acme-incubator].[jsp]] at acme.framework.services.AuthenticationService.loadUserByUsername(AuthenticationService.java:52): anonymous
ERROR [org.apache.catalina.core.ContainerBase.[Tomcat].[localhost].[/acme-incubator].[jsp]] at acme.framework.services.AuthenticationService.loadUserByUsername(AuthenticationService.java:52): anonymous
ERROR [org.apache.catalina.core.ContainerBase.[Tomcat].[localhost].[/acme-incubator].[jsp]] at acme.framework.services.AuthenticationService.loadUserByUsername(AuthenticationService.java:52): anonymous
ERROR [org.apache.catalina.core.ContainerBase.[Tomcat].[localhost].[/acme-incubator].[jsp]] at acme.framework.services.AuthenticationService.loadUserByUsername(AuthenticationService.java:52): anonymous
ERROR [org.apache.catalina.core.ContainerBase.[Tomcat].[localhost].[/acme-incubator].[jsp]] at acme.framework.services.AuthenticationService.loadUserByUsername(AuthenticationService.java:52): anonymous
ERROR [org.apache.catalina.core.ContainerBase.[Tomcat].[localhost].[/acme-incubator].[jsp]] at acme.framework.services.AuthenticationService.loadUserByUsername(AuthenticationService.java:52): anonymous
ERROR [org.apache.catalina.core.ContainerBase.[Tomcat].[localhost].[/acme-incubator].[jsp]] at acme.framework.services.AuthenticationService.loadUserByUsername(AuthenticationService.java:52): anonymous
ERROR [org.apache.catalina.core.ContainerBase.[Tomcat].[localhost].[/acme-incubator].[jsp]] at acme.framework.services.AuthenticationService.loadUserByUsername(AuthenticationService.java:52): anonymous
ERROR [org.apache.catalina.core.ContainerBase.[Tomcat].[localhost].[/acme-incubator].[jsp]] at acme.framework.services.AuthenticationService.loadUserByUsername(AuthenticationService.java:52): anonymous
ERROR [org.apache.catalina.core.ContainerBase.[Tomcat].[localhost].[/acme-incubator].[jsp]] at acme.framework.services.AuthenticationService.loadUserByUsername(AuthenticationService.java:52): anonymous
ERROR [org.apache.catalina.core.ContainerBase.[Tomcat].[localhost].[/acme-incubator].[jsp]] at acme.framework.services.AuthenticationService.loadUserByUsername(AuthenticationService.java:52): anonymous
ERROR [org.apache.catalina.core.ContainerBase.[Tomcat].[localhost].[/acme-incubator].[jsp]] at acme.framework.services.AuthenticationService.loadUserByUsername(AuthenticationService.java:52): anonymous
ERROR [org.apache.catalina.core.ContainerBase.[Tomcat].[localhost].[/acme-incubator].[jsp]] at acme.framework.services.AuthenticationService.loadUserByUsername(AuthenticationService.java:52): anonymous
ERROR [org.apache.catalina.core.ContainerBase.[Tomcat].[localhost].[/acme-incubator].[jsp]] at acme.framework.services.AuthenticationService.loadUserByUsername(AuthenticationService.java:52): anonymous
ERROR [org.apache.catalina.core.ContainerBase.[Tomcat].[localhost].[/acme-incubator].[jsp]] at acme.framework.services.AuthenticationService.loadUserByUsername(AuthenticationService.java:52): anonymous
ERROR [org.apache.catalina.core.ContainerBase.[Tomcat].[localhost].[/acme-incubator].[jsp]] at acme.framework.services.AuthenticationService.loadUserByUsername(AuthenticationService.java:52): anonymous
ERROR [org.apache.catalina.core.ContainerBase.[Tomcat].[localhost].[/acme-incubator].[jsp]] at acme.framework.services.AuthenticationService.loadUserByUsername(AuthenticationService.java:52): anonymous
ERROR [org.apache.catalina.core.ContainerBase.[Tomcat].[localhost].[/acme-incubator].[jsp]] at acme.framework.services.AuthenticationService.loadUserByUsername(AuthenticationService.java:52): anonymous
ERROR [org.apache.catalina.core.ContainerBase.[Tomcat].[localhost].[/acme-incubator].[jsp]] at acme.framework.services.AuthenticationService.loadUserByUsername(AuthenticationService.java:52): anonymous
ERROR [org.apache.catalina.core.ContainerBase.[Tomcat].[localhost].[/acme-incubator].[jsp]] at acme.framework.services.AuthenticationService.loadUserByUsername(AuthenticationService.java:52): anonymous
ERROR [org.apache.catalina.core.ContainerBase.[Tomcat].[localhost].[/acme-incubator].[jsp]] at acme.framework.services.AuthenticationService.loadUserByUsername(AuthenticationService.java:52): anonymous
ERROR [org.apache.catalina.core.ContainerBase.[Tomcat].[localhost].[/acme-incubator].[jsp]] at acme.framework.services.AuthenticationService.loadUserByUsername(AuthenticationService.java:52): anonymous
ERROR [org.apache.catalina.core.ContainerBase.[Tomcat].[localhost].[/acme-incubator].[jsp]] at acme.framework.services.AuthenticationService.loadUserByUsername(AuthenticationService.java:52): anonymous
ERROR [org.apache.catalina.core.ContainerBase.[Tomcat].[localhost].[/acme-incubator].[jsp]] at acme.framework.services.AuthenticationService.loadUserByUsername(AuthenticationService.java:52): anonymous
ERROR [org.apache.catalina.core.ContainerBase.[Tomcat].[localhost].[/acme-incubator].[jsp]] at acme.framework.services.AuthenticationService.loadUserByUsername(AuthenticationService.java:52): anonymous
ERROR [org.apache.catalina.core.ContainerBase.[Tomcat].[localhost].[/acme-incubator].[jsp]] at acme.framework.services.AuthenticationService.loadUserByUsername(AuthenticationService.java:52): anonymous
ERROR [org.apache.catalina.core.ContainerBase.[Tomcat].[localhost].[/acme-incubator].[jsp]] at acme.framework.services.AuthenticationService.loadUserByUsername(AuthenticationService.java:52): anonymous
ERROR [org.apache.catalina.core.ContainerBase.[Tomcat].[localhost].[/acme-incubator].[jsp]] at acme.framework.services.AuthenticationService.loadUserByUsername(AuthenticationService.java:52): anonymous
ERROR [org.apache.catalina.core.ContainerBase.[Tomcat].[localhost].[/acme-incubator].[jsp]] at acme.framework.services.AuthenticationService.loadUserByUsername(AuthenticationService.java:52): anonymous
ERROR [org.apache.catalina.core.ContainerBase.[Tomcat].[localhost].[/acme-incubator].[jsp]] at acme.framework.services.AuthenticationService.loadUserByUsername(AuthenticationService.java:52): anonymous
ERROR [org.apache.catalina.core.ContainerBase.[Tomcat].[localhost].[/acme-incubator].[jsp]] at acme.framework.services.AuthenticationService.loadUserByUsername(AuthenticationService.java:52): anonymous
ERROR [org.apache.catalina.core.ContainerBase.[Tomcat].[localhost].[/acme-incubator].[jsp]] at acme.framework.services.AuthenticationService.loadUserByUsername(AuthenticationService.java:52): anonymous
ERROR [org.apache.catalina.core.ContainerBase.[Tomcat].[localhost].[/acme-incubator].[jsp]] at acme.framework.services.AuthenticationService.loadUserByUsername(AuthenticationService.java:52): anonymous
ERROR [org.apache.catalina.core.ContainerBase.[Tomcat].[localhost].[/acme-incubator].[jsp]] at acme.framework.services.AuthenticationService.loadUserByUsername(AuthenticationService.java:52): anonymous
ERROR [org.apache.catalina.core.ContainerBase.[Tomcat].[localhost].[/acme-incubator].[jsp]] at acme.framework.services.AuthenticationService.loadUserByUsername(AuthenticationService.java:52): anonymous
ERROR [org.apache.catalina.core.ContainerBase.[Tomcat].[localhost].[/acme-incubator].[jsp]] at acme.framework.services.AuthenticationService.loadUserByUsername(AuthenticationService.java:52): anonymous
ERROR [org.apache.catalina.core.ContainerBase.[Tomcat].[localhost].[/acme-incubator].[jsp]] at acme.framework.services.AuthenticationService.loadUserByUsername(AuthenticationService.java:52): anonymous
ERROR [org.apache.catalina.core.ContainerBase.[Tomcat].[localhost].[/acme-incubator].[jsp]] at acme.framework.services.AuthenticationService.loadUserByUsername(AuthenticationService.java:52): anonymous
ERROR [org.apache.catalina.core.ContainerBase.[Tomcat].[localhost].[/acme-incubator].[jsp]] at acme.framework.services.AuthenticationService.loadUserByUsername(AuthenticationService.java:52): anonymous
ERROR [org.apache.catalina.core.ContainerBase.[Tomcat].[localhost].[/acme-incubator].[jsp]] at acme.framework.services.AuthenticationService.loadUserByUsername(AuthenticationService.java:52): anonymous
ERROR [org.apache.catalina.core.ContainerBase.[Tomcat].[localhost].[/acme-incubator].[jsp]] at acme.framework.services.AuthenticationService.loadUserByUsername(AuthenticationService.java:52): anonymous
ERROR [org.apache.catalina.core.ContainerBase.[Tomcat].[localhost].[/acme-incubator].[jsp]] at acme.framework.services.AuthenticationService.loadUserByUsername(AuthenticationService.java:52): anonymous
ERROR [org.apache.catalina.core.ContainerBase.[Tomcat].[localhost].[/acme-incubator].[jsp]] at acme.framework.services.AuthenticationService.loadUserByUsername(AuthenticationService.java:52): anonymous
ERROR [org.apache.catalina.core.ContainerBase.[Tomcat].[localhost].[/acme-incubator].[jsp]] at acme.framework.services.AuthenticationService.loadUserByUsername(AuthenticationService.java:52): anonymous
ERROR [org.apache.catalina.core.ContainerBase.[Tomcat].[localhost].[/acme-incubator].[jsp]] at acme.framework.services.AuthenticationService.loadUserByUsername(AuthenticationService.java:52): anonymous
ERROR [org.apache.catalina.core.ContainerBase.[Tomcat].[localhost].[/acme-incubator].[jsp]] at acme.framework.services.AuthenticationService.loadUserByUsername(AuthenticationService.java:52): anonymous
ERROR [org.apache.catalina.core.ContainerBase.[Tomcat].[localhost].[/acme-incubator].[jsp]] at acme.framework.services.AuthenticationService.loadUserByUsername(AuthenticationService.java:52): anonymous
ERROR [org.apache.catalina.core.ContainerBase.[Tomcat].[localhost].[/acme-incubator].[jsp]] at acme.framework.services.AuthenticationService.loadUserByUsername(AuthenticationService.java:52): anonymous
ERROR [org.apache.catalina.core.ContainerBase.[Tomcat].[localhost].[/acme-incubator].[jsp]] at acme.framework.services.AuthenticationService.loadUserByUsername(AuthenticationService.java:52): anonymous
ERROR [org.apache.catalina.core.ContainerBase.[Tomcat].[localhost].[/acme-incubator].[jsp]] at acme.framework.services.AuthenticationService.loadUserByUsername(AuthenticationService.java:52): anonymous
ERROR [org.apache.catalina.core.ContainerBase.[Tomcat].[localhost].[/acme-incubator].[jsp]] at acme.framework.services.AuthenticationService.loadUserByUsername(AuthenticationService.java:52): anonymous
ERROR [org.apache.catalina.core.ContainerBase.[Tomcat].[localhost].[/acme-incubator].[jsp]] at acme.framework.services.AuthenticationService.loadUserByUsername(AuthenticationService.java:52): anonymous
ERROR [org.apache.catalina.core.ContainerBase.[Tomcat].[localhost].[/acme-incubator].[jsp]] at acme.framework.services.AuthenticationService.loadUserByUsername(AuthenticationService.java:52): anonymous
ERROR [org.apache.catalina.core.ContainerBase.[Tomcat].[localhost].[/acme-incubator].[jsp]] at acme.framework.services.AuthenticationService.loadUserByUsername(AuthenticationService.java:52): anonymous
ERROR [org.apache.catalina.core.ContainerBase.[Tomcat].[localhost].[/acme-incubator].[jsp]] at acme.framework.services.AuthenticationService.loadUserByUsername(AuthenticationService.java:52): anonymous
ERROR [org.apache.catalina.core.ContainerBase.[Tomcat].[localhost].[/acme-incubator].[jsp]] at acme.framework.services.AuthenticationService.loadUserByUsername(AuthenticationService.java:52): anonymous
ERROR [org.apache.catalina.core.ContainerBase.[Tomcat].[localhost].[/acme-incubator].[jsp]] at acme.framework.services.AuthenticationService.loadUserByUsername(AuthenticationService.java:52): anonymous
ERROR [org.apache.catalina.core.ContainerBase.[Tomcat].[localhost].[/acme-incubator].[jsp]] at acme.framework.services.AuthenticationService.loadUserByUsername(AuthenticationService.java:52): anonymous
ERROR [org.apache.catalina.core.ContainerBase.[Tomcat].[localhost].[/acme-incubator].[jsp]] at acme.framework.services.AuthenticationService.loadUserByUsername(AuthenticationService.java:52): anonymous
ERROR [org.apache.catalina.core.ContainerBase.[Tomcat].[localhost].[/acme-incubator].[jsp]] at acme.framework.services.AuthenticationService.loadUserByUsername(AuthenticationService.java:52): anonymous
ERROR [org.apache.catalina.core.ContainerBase.[Tomcat].[localhost].[/acme-incubator].[jsp]] at acme.framework.services.AuthenticationService.loadUserByUsername(AuthenticationService.java:52): anonymous
ERROR [org.apache.catalina.core.ContainerBase.[Tomcat].[localhost].[/acme-incubator].[jsp]] at acme.framework.services.AuthenticationService.loadUserByUsername(AuthenticationService.java:52): anonymous
ERROR [org.apache.catalina.core.ContainerBase.[Tomcat].[localhost].[/acme-incubator].[jsp]] at acme.framework.services.AuthenticationService.loadUserByUsername(AuthenticationService.java:52): anonymous
ERROR [org.apache.catalina.core.ContainerBase.[Tomcat].[localhost].[/acme-incubator].[jsp]] at acme.framework.services.AuthenticationService.loadUserByUsername(AuthenticationService.java:52): anonymous
ERROR [org.apache.catalina.core.ContainerBase.[Tomcat].[localhost].[/acme-incubator].[jsp]] at acme.framework.services.AuthenticationService.loadUserByUsername(AuthenticationService.java:52): anonymous
ERROR [org.apache.catalina.core.ContainerBase.[Tomcat].[localhost].[/acme-incubator].[jsp]] at acme.framework.services.AuthenticationService.loadUserByUsername(AuthenticationService.java:52): anonymous
ERROR [org.apache.catalina.core.ContainerBase.[Tomcat].[localhost].[/acme-incubator].[jsp]] at acme.framework.services.AuthenticationService.loadUserByUsername(AuthenticationService.java:52): anonymous
ERROR [org.apache.catalina.core.ContainerBase.[Tomcat].[localhost].[/acme-incubator].[jsp]] at acme.framework.services.AuthenticationService.loadUserByUsername(AuthenticationService.java:52): anonymous
ERROR [org.apache.catalina.core.ContainerBase.[Tomcat].[localhost].[/acme-incubator].[jsp]] at acme.framework.services.AuthenticationService.loadUserByUsername(AuthenticationService.java:52): anonymous
ERROR [org.apache.catalina.core.ContainerBase.[Tomcat].[localhost].[/acme-incubator].[jsp]] at acme.framework.services.AuthenticationService.loadUserByUsername(AuthenticationService.java:52): anonymous
ERROR [org.apache.catalina.core.ContainerBase.[Tomcat].[localhost].[/acme-incubator].[jsp]] at acme.framework.services.AuthenticationService.loadUserByUsername(AuthenticationService.java:52): anonymous
ERROR [org.apache.catalina.core.ContainerBase.[Tomcat].[localhost].[/acme-incubator].[jsp]] at acme.framework.services.AuthenticationService.loadUserByUsername(AuthenticationService.java:52): anonymous
ERROR [org.apache.catalina.core.ContainerBase.[Tomcat].[localhost].[/acme-incubator].[jsp]] at acme.framework.services.AuthenticationService.loadUserByUsername(AuthenticationService.java:52): anonymous
ERROR [org.apache.catalina.core.ContainerBase.[Tomcat].[localhost].[/acme-incubator].[jsp]] at acme.framework.services.AuthenticationService.loadUserByUsername(AuthenticationService.java:52): anonymous
ERROR [org.apache.catalina.core.ContainerBase.[Tomcat].[localhost].[/acme-incubator].[jsp]] at acme.framework.services.AuthenticationService.loadUserByUsername(AuthenticationService.java:52): anonymous
ERROR [org.apache.catalina.core.ContainerBase.[Tomcat].[localhost].[/acme-incubator].[jsp]] at acme.framework.services.AuthenticationService.loadUserByUsername(AuthenticationService.java:52): anonymous
ERROR [org.apache.catalina.core.ContainerBase.[Tomcat].[localhost].[/acme-incubator].[jsp]] at acme.framework.services.AuthenticationService.loadUserByUsername(AuthenticationService.java:52): anonymous
ERROR [org.apache.catalina.core.ContainerBase.[Tomcat].[localhost].[/acme-incubator].[jsp]] at acme.framework.services.AuthenticationService.loadUserByUsername(AuthenticationService.java:52): anonymous
ERROR [org.apache.catalina.core.ContainerBase.[Tomcat].[localhost].[/acme-incubator].[jsp]] at acme.framework.services.AuthenticationService.loadUserByUsername(AuthenticationService.java:52): anonymous
ERROR [org.apache.catalina.core.ContainerBase.[Tomcat].[localhost].[/acme-incubator].[jsp]] at acme.framework.services.AuthenticationService.loadUserByUsername(AuthenticationService.java:52): anonymous
ERROR [org.apache.catalina.core.ContainerBase.[Tomcat].[localhost].[/acme-incubator].[jsp]] at acme.framework.services.AuthenticationService.loadUserByUsername(AuthenticationService.java:52): anonymous
ERROR [org.apache.catalina.core.ContainerBase.[Tomcat].[localhost].[/acme-incubator].[jsp]] at acme.framework.services.AuthenticationService.loadUserByUsername(AuthenticationService.java:52): anonymous
ERROR [org.apache.catalina.core.ContainerBase.[Tomcat].[localhost].[/acme-incubator].[jsp]] at acme.framework.services.AuthenticationService.loadUserByUsername(AuthenticationService.java:52): anonymous
ERROR [org.apache.catalina.core.ContainerBase.[Tomcat].[localhost].[/acme-incubator].[jsp]] at acme.framework.services.AuthenticationService.loadUserByUsername(AuthenticationService.java:52): anonymous
ERROR [org.apache.catalina.core.ContainerBase.[Tomcat].[localhost].[/acme-incubator].[jsp]] at acme.framework.services.AuthenticationService.loadUserByUsername(AuthenticationService.java:52): anonymous
ERROR [org.apache.catalina.core.ContainerBase.[Tomcat].[localhost].[/acme-incubator].[jsp]] at acme.framework.services.AuthenticationService.loadUserByUsername(AuthenticationService.java:52): anonymous
ERROR [org.apache.catalina.core.ContainerBase.[Tomcat].[localhost].[/acme-incubator].[jsp]] at acme.framework.services.AuthenticationService.loadUserByUsername(AuthenticationService.java:52): anonymous
ERROR [org.apache.catalina.core.ContainerBase.[Tomcat].[localhost].[/acme-incubator].[jsp]] at acme.framework.services.AuthenticationService.loadUserByUsername(AuthenticationService.java:52): anonymous
ERROR [org.apache.catalina.core.ContainerBase.[Tomcat].[localhost].[/acme-incubator].[jsp]] at acme.framework.services.AuthenticationService.loadUserByUsername(AuthenticationService.java:52): anonymous
ERROR [org.apache.catalina.core.ContainerBase.[Tomcat].[localhost].[/acme-incubator].[jsp]] at acme.framework.services.AuthenticationService.loadUserByUsername(AuthenticationService.java:52): anonymous
ERROR [org.apache.catalina.core.ContainerBase.[Tomcat].[localhost].[/acme-incubator].[jsp]] at acme.framework.services.AuthenticationService.loadUserByUsername(AuthenticationService.java:52): anonymous
ERROR [org.apache.catalina.core.ContainerBase.[Tomcat].[localhost].[/acme-incubator].[jsp]] at acme.framework.services.AuthenticationService.loadUserByUsername(AuthenticationService.java:52): anonymous
ERROR [org.apache.catalina.core.ContainerBase.[Tomcat].[localhost].[/acme-incubator].[jsp]] at acme.framework.services.AuthenticationService.loadUserByUsername(AuthenticationService.java:52): anonymous
ERROR [org.apache.catalina.core.ContainerBase.[Tomcat].[localhost].[/acme-incubator].[jsp]] at acme.framework.services.AuthenticationService.loadUserByUsername(AuthenticationService.java:52): anonymous
ERROR [org.apache.catalina.core.ContainerBase.[Tomcat].[localhost].[/acme-incubator].[jsp]] at acme.framework.services.AuthenticationService.loadUserByUsername(AuthenticationService.java:52): anonymous
ERROR [org.apache.catalina.core.ContainerBase.[Tomcat].[localhost].[/acme-incubator].[jsp]] at acme.framework.services.AuthenticationService.loadUserByUsername(AuthenticationService.java:52): anonymous
ERROR [org.apache.catalina.core.ContainerBase.[Tomcat].[localhost].[/acme-incubator].[jsp]] at acme.framework.services.AuthenticationService.loadUserByUsername(AuthenticationService.java:52): anonymous
ERROR [org.apache.catalina.core.ContainerBase.[Tomcat].[localhost].[/acme-incubator].[jsp]] at acme.framework.services.AuthenticationService.loadUserByUsername(AuthenticationService.java:52): anonymous
ERROR [org.apache.catalina.core.ContainerBase.[Tomcat].[localhost].[/acme-incubator].[jsp]] at acme.framework.services.AuthenticationService.loadUserByUsername(AuthenticationService.java:52): anonymous
ERROR [org.apache.catalina.core.ContainerBase.[Tomcat].[localhost].[/acme-incubator].[jsp]] at acme.framework.services.AuthenticationService.loadUserByUsername(AuthenticationService.java:52): anonymous
ERROR [org.apache.catalina.core.ContainerBase.[Tomcat].[localhost].[/acme-incubator].[jsp]] at acme.framework.services.AuthenticationService.loadUserByUsername(AuthenticationService.java:52): anonymous
ERROR [org.apache.catalina.core.ContainerBase.[Tomcat].[localhost].[/acme-incubator].[jsp]] at acme.framework.services.AuthenticationService.loadUserByUsername(AuthenticationService.java:52): anonymous
ERROR [org.apache.catalina.core.ContainerBase.[Tomcat].[localhost].[/acme-incubator].[jsp]] at acme.framework.services.AuthenticationService.loadUserByUsername(AuthenticationService.java:52): anonymous
ERROR [org.apache.catalina.core.ContainerBase.[Tomcat].[localhost].[/acme-incubator].[jsp]] at acme.framework.services.AuthenticationService.loadUserByUsername(AuthenticationService.java:52): anonymous
ERROR [org.apache.catalina.core.ContainerBase.[Tomcat].[localhost].[/acme-incubator].[jsp]] at acme.framework.services.AuthenticationService.loadUserByUsername(AuthenticationService.java:52): anonymous
ERROR [org.apache.catalina.core.ContainerBase.[Tomcat].[localhost].[/acme-incubator].[jsp]] at acme.framework.services.AuthenticationService.loadUserByUsername(AuthenticationService.java:52): anonymous
ERROR [org.apache.catalina.core.ContainerBase.[Tomcat].[localhost].[/acme-incubator].[jsp]] at acme.framework.services.AuthenticationService.loadUserByUsername(AuthenticationService.java:52): anonymous
ERROR [org.apache.catalina.core.ContainerBase.[Tomcat].[localhost].[/acme-incubator].[jsp]] at acme.framework.services.AuthenticationService.loadUserByUsername(AuthenticationService.java:52): anonymous
ERROR [org.apache.catalina.core.ContainerBase.[Tomcat].[localhost].[/acme-incubator].[jsp]] at acme.framework.services.AuthenticationService.loadUserByUsername(AuthenticationService.java:52): anonymous
ERROR [org.apache.catalina.core.ContainerBase.[Tomcat].[localhost].[/acme-incubator].[jsp]] at acme.framework.services.AuthenticationService.loadUserByUsername(AuthenticationService.java:52): anonymous
ERROR [org.apache.catalina.core.ContainerBase.[Tomcat].[localhost].[/acme-incubator].[jsp]] at acme.framework.services.AuthenticationService.loadUserByUsername(AuthenticationService.java:52): anonymous
ERROR [org.apache.catalina.core.ContainerBase.[Tomcat].[localhost].[/acme-incubator].[jsp]] at acme.framework.services.AuthenticationService.loadUserByUsername(AuthenticationService.java:52): anonymous
ERROR [org.apache.catalina.core.ContainerBase.[Tomcat].[localhost].[/acme-incubator].[jsp]] at acme.framework.services.AuthenticationService.loadUserByUsername(AuthenticationService.java:52): anonymous
ERROR [org.apache.catalina.core.ContainerBase.[Tomcat].[localhost].[/acme-incubator].[jsp]] at acme.framework.services.AuthenticationService.loadUserByUsername(AuthenticationService.java:52): anonymous
ERROR [org.apache.catalina.core.ContainerBase.[Tomcat].[localhost].[/acme-incubator].[jsp]] at acme.framework.services.AuthenticationService.loadUserByUsername(AuthenticationService.java:52): anonymous
ERROR [org.apache.catalina.core.ContainerBase.[Tomcat].[localhost].[/acme-incubator].[jsp]] at acme.framework.services.AuthenticationService.loadUserByUsername(AuthenticationService.java:52): anonymous
ERROR [org.apache.catalina.core.ContainerBase.[Tomcat].[localhost].[/acme-incubator].[jsp]] at acme.framework.services.AuthenticationService.loadUserByUsername(AuthenticationService.java:52): anonymous
ERROR [org.apache.catalina.core.ContainerBase.[Tomcat].[localhost].[/acme-incubator].[jsp]] at acme.framework.services.AuthenticationService.loadUserByUsername(AuthenticationService.java:52): anonymous
ERROR [org.apache.catalina.core.ContainerBase.[Tomcat].[localhost].[/acme-incubator].[jsp]] at acme.framework.services.AuthenticationService.loadUserByUsername(AuthenticationService.java:52): anonymous
ERROR [org.apache.catalina.core.ContainerBase.[Tomcat].[localhost].[/acme-incubator].[jsp]] at acme.framework.services.AuthenticationService.loadUserByUsername(AuthenticationService.java:52): anonymous
ERROR [org.apache.catalina.core.ContainerBase.[Tomcat].[localhost].[/acme-incubator].[jsp]] at acme.framework.services.AuthenticationService.loadUserByUsername(AuthenticationService.java:52): anonymous
ERROR [org.apache.catalina.core.ContainerBase.[Tomcat].[localhost].[/acme-incubator].[jsp]] at acme.framework.services.AuthenticationService.loadUserByUsername(AuthenticationService.java:52): anonymous
ERROR [org.apache.catalina.core.ContainerBase.[Tomcat].[localhost].[/acme-incubator].[jsp]] at acme.framework.services.AuthenticationService.loadUserByUsername(AuthenticationService.java:52): anonymous
ERROR [org.apache.catalina.core.ContainerBase.[Tomcat].[localhost].[/acme-incubator].[jsp]] at acme.framework.services.AuthenticationService.loadUserByUsername(AuthenticationService.java:52): anonymous
ERROR [org.apache.catalina.core.ContainerBase.[Tomcat].[localhost].[/acme-incubator].[jsp]] at acme.framework.services.AuthenticationService.loadUserByUsername(AuthenticationService.java:52): anonymous
ERROR [org.apache.catalina.core.ContainerBase.[Tomcat].[localhost].[/acme-incubator].[jsp]] at acme.framework.services.AuthenticationService.loadUserByUsername(AuthenticationService.java:52): anonymous
ERROR [org.apache.catalina.core.ContainerBase.[Tomcat].[localhost].[/acme-incubator].[jsp]] at acme.framework.services.AuthenticationService.loadUserByUsername(AuthenticationService.java:52): anonymous
ERROR [org.apache.catalina.core.ContainerBase.[Tomcat].[localhost].[/acme-incubator].[jsp]] at acme.framework.services.AuthenticationService.loadUserByUsername(AuthenticationService.java:52): anonymous
ERROR [org.apache.catalina.core.ContainerBase.[Tomcat].[localhost].[/acme-incubator].[jsp]] at acme.framework.services.AuthenticationService.loadUserByUsername(AuthenticationService.java:52): anonymous
ERROR [org.apache.catalina.core.ContainerBase.[Tomcat].[localhost].[/acme-incubator].[jsp]] at acme.framework.services.AuthenticationService.loadUserByUsername(AuthenticationService.java:52): anonymous
WARN [org.springframework.boot.web.servlet.context.AnnotationConfigServletWebServerApplicationContext] Exception encountered during context initialization - cancelling refresh attempt: org.springframework.beans.factory.BeanCreationException: Error creating bean with name 'entityManagerFactory' defined in class path resource [org/springframework/boot/autoconfigure/orm/jpa/HibernateJpaConfiguration.class]: Invocation of init method failed; nested exception is javax.persistence.PersistenceException: [PersistenceUnit: default] Unable to build Hibernate SessionFactory; nested exception is org.hibernate.tool.schema.spi.SchemaManagementException: Schema-validation: missing table [administrator]
ERROR [org.springframework.boot.SpringApplication] at org.springframework.beans.factory.support.AbstractAutowireCapableBeanFactory.initializeBean(AbstractAutowireCapableBeanFactory.java:1778): Error creating bean with name 'entityManagerFactory' defined in class path resource [org/springframework/boot/autoconfigure/orm/jpa/HibernateJpaConfiguration.class]: Invocation of init method failed; nested exception is javax.persistence.PersistenceException: [PersistenceUnit: default] Unable to build Hibernate SessionFactory; nested exception is org.hibernate.tool.schema.spi.SchemaManagementException: Schema-validation: missing table [administrator]
at org.springframework.orm.jpa.AbstractEntityManagerFactoryBean.buildNativeEntityManagerFactory(AbstractEntityManagerFactoryBean.java:402): [PersistenceUnit: default] Unable to build Hibernate SessionFactory; nested exception is org.hibernate.tool.schema.spi.SchemaManagementException: Schema-validation: missing table [administrator]
at org.hibernate.tool.schema.internal.AbstractSchemaValidator.validateTable(AbstractSchemaValidator.java:121): Schema-validation: missing table [administrator]
ERROR [org.apache.catalina.core.ContainerBase.[Tomcat].[localhost].[/starter-project].[jsp]] at acme.framework.services.AuthenticationService.loadUserByUsername(AuthenticationService.java:52): anonymous
ERROR [org.apache.catalina.core.ContainerBase.[Tomcat].[localhost].[/starter-project].[jsp]] at acme.framework.services.AuthenticationService.loadUserByUsername(AuthenticationService.java:52): anonymous
ERROR [org.apache.catalina.core.ContainerBase.[Tomcat].[localhost].[/starter-project].[jsp]] at acme.framework.services.AuthenticationService.loadUserByUsername(AuthenticationService.java:52): anonymous
ERROR [org.apache.catalina.core.ContainerBase.[Tomcat].[localhost].[/starter-project].[jsp]] at acme.framework.services.AuthenticationService.loadUserByUsername(AuthenticationService.java:52): anonymous
ERROR [org.apache.catalina.core.ContainerBase.[Tomcat].[localhost].[/starter-project].[jsp]] at acme.framework.services.AuthenticationService.loadUserByUsername(AuthenticationService.java:52): anonymous
ERROR [org.apache.catalina.core.ContainerBase.[Tomcat].[localhost].[/starter-project].[jsp]] at acme.framework.services.AuthenticationService.loadUserByUsername(AuthenticationService.java:52): anonymous
ERROR [org.apache.catalina.core.ContainerBase.[Tomcat].[localhost].[/starter-project].[jsp]] at acme.framework.services.AuthenticationService.loadUserByUsername(AuthenticationService.java:52): anonymous
ERROR [org.apache.catalina.core.ContainerBase.[Tomcat].[localhost].[/starter-project].[jsp]] at acme.framework.services.AuthenticationService.loadUserByUsername(AuthenticationService.java:52): anonymous
ERROR [org.apache.catalina.core.ContainerBase.[Tomcat].[localhost].[/starter-project].[jsp]] at acme.framework.services.AuthenticationService.loadUserByUsername(AuthenticationService.java:52): anonymous
ERROR [org.apache.catalina.core.ContainerBase.[Tomcat].[localhost].[/starter-project].[jsp]] at acme.framework.services.AuthenticationService.loadUserByUsername(AuthenticationService.java:52): anonymous
ERROR [org.apache.catalina.core.ContainerBase.[Tomcat].[localhost].[/starter-project].[jsp]] at acme.framework.services.AuthenticationService.loadUserByUsername(AuthenticationService.java:52): anonymous
ERROR [org.apache.catalina.core.ContainerBase.[Tomcat].[localhost].[/starter-project].[jsp]] at acme.framework.services.AuthenticationService.loadUserByUsername(AuthenticationService.java:52): anonymous
ERROR [org.apache.catalina.core.ContainerBase.[Tomcat].[localhost].[/starter-project].[jsp]] at acme.framework.services.AuthenticationService.loadUserByUsername(AuthenticationService.java:52): anonymous
ERROR [org.apache.catalina.core.ContainerBase.[Tomcat].[localhost].[/starter-project].[jsp]] at acme.framework.services.AuthenticationService.loadUserByUsername(AuthenticationService.java:52): anonymous
ERROR [org.apache.catalina.core.ContainerBase.[Tomcat].[localhost].[/starter-project].[jsp]] at acme.framework.services.AuthenticationService.loadUserByUsername(AuthenticationService.java:52): anonymous
ERROR [org.apache.catalina.core.ContainerBase.[Tomcat].[localhost].[/starter-project].[jsp]] at acme.framework.services.AuthenticationService.loadUserByUsername(AuthenticationService.java:52): anonymous
ERROR [org.apache.catalina.core.ContainerBase.[Tomcat].[localhost].[/starter-project].[jsp]] at acme.framework.services.AuthenticationService.loadUserByUsername(AuthenticationService.java:52): anonymous
ERROR [org.apache.catalina.core.ContainerBase.[Tomcat].[localhost].[/starter-project].[jsp]] at acme.framework.services.AuthenticationService.loadUserByUsername(AuthenticationService.java:52): anonymous
ERROR [org.apache.catalina.core.ContainerBase.[Tomcat].[localhost].[/starter-project].[jsp]] at acme.framework.services.AuthenticationService.loadUserByUsername(AuthenticationService.java:52): anonymous
ERROR [org.apache.catalina.core.ContainerBase.[Tomcat].[localhost].[/starter-project].[jsp]] at acme.framework.services.AuthenticationService.loadUserByUsername(AuthenticationService.java:52): anonymous
ERROR [org.apache.catalina.core.ContainerBase.[Tomcat].[localhost].[/starter-project].[jsp]] at acme.framework.services.AuthenticationService.loadUserByUsername(AuthenticationService.java:52): anonymous
ERROR [org.apache.catalina.core.ContainerBase.[Tomcat].[localhost].[/starter-project].[jsp]] at acme.framework.services.AuthenticationService.loadUserByUsername(AuthenticationService.java:52): anonymous
ERROR [org.apache.catalina.core.ContainerBase.[Tomcat].[localhost].[/starter-project].[jsp]] at acme.framework.services.AuthenticationService.loadUserByUsername(AuthenticationService.java:52): anonymous
ERROR [org.apache.catalina.core.ContainerBase.[Tomcat].[localhost].[/starter-project].[jsp]] at acme.framework.services.AuthenticationService.loadUserByUsername(AuthenticationService.java:52): anonymous
ERROR [org.apache.catalina.core.ContainerBase.[Tomcat].[localhost].[/starter-project].[jsp]] at acme.framework.services.AuthenticationService.loadUserByUsername(AuthenticationService.java:52): anonymous
ERROR [org.apache.catalina.core.ContainerBase.[Tomcat].[localhost].[/starter-project].[jsp]] at acme.framework.services.AuthenticationService.loadUserByUsername(AuthenticationService.java:52): anonymous
ERROR [org.apache.catalina.core.ContainerBase.[Tomcat].[localhost].[/starter-project].[jsp]] at acme.framework.services.AuthenticationService.loadUserByUsername(AuthenticationService.java:52): anonymous
ERROR [org.apache.catalina.core.ContainerBase.[Tomcat].[localhost].[/starter-project].[jsp]] at acme.framework.services.AuthenticationService.loadUserByUsername(AuthenticationService.java:52): anonymous
ERROR [org.apache.catalina.core.ContainerBase.[Tomcat].[localhost].[/starter-project].[jsp]] at acme.framework.services.AuthenticationService.loadUserByUsername(AuthenticationService.java:52): anonymous
ERROR [org.apache.catalina.core.ContainerBase.[Tomcat].[localhost].[/starter-project].[jsp]] at acme.framework.services.AuthenticationService.loadUserByUsername(AuthenticationService.java:52): anonymous
ERROR [org.apache.catalina.core.ContainerBase.[Tomcat].[localhost].[/starter-project].[jsp]] at acme.framework.services.AuthenticationService.loadUserByUsername(AuthenticationService.java:52): anonymous
ERROR [org.apache.catalina.core.ContainerBase.[Tomcat].[localhost].[/starter-project].[jsp]] at acme.framework.services.AuthenticationService.loadUserByUsername(AuthenticationService.java:52): anonymous
ERROR [org.apache.catalina.core.ContainerBase.[Tomcat].[localhost].[/starter-project].[jsp]] at acme.framework.services.AuthenticationService.loadUserByUsername(AuthenticationService.java:52): anonymous
ERROR [org.apache.catalina.core.ContainerBase.[Tomcat].[localhost].[/starter-project].[jsp]] at acme.framework.services.AuthenticationService.loadUserByUsername(AuthenticationService.java:52): anonymous
ERROR [org.apache.catalina.core.ContainerBase.[Tomcat].[localhost].[/starter-project].[jsp]] at acme.framework.services.AuthenticationService.loadUserByUsername(AuthenticationService.java:52): anonymous
ERROR [org.apache.catalina.core.ContainerBase.[Tomcat].[localhost].[/starter-project].[jsp]] at acme.framework.services.AuthenticationService.loadUserByUsername(AuthenticationService.java:52): anonymous
ERROR [org.apache.catalina.core.ContainerBase.[Tomcat].[localhost].[/starter-project].[jsp]] at acme.framework.services.AuthenticationService.loadUserByUsername(AuthenticationService.java:52): anonymous
ERROR [org.apache.catalina.core.ContainerBase.[Tomcat].[localhost].[/starter-project].[jsp]] at acme.framework.services.AuthenticationService.loadUserByUsername(AuthenticationService.java:52): anonymous
ERROR [org.apache.catalina.core.ContainerBase.[Tomcat].[localhost].[/starter-project].[jsp]] at acme.framework.services.AuthenticationService.loadUserByUsername(AuthenticationService.java:52): anonymous
ERROR [org.apache.catalina.core.ContainerBase.[Tomcat].[localhost].[/starter-project].[jsp]] at acme.framework.services.AuthenticationService.loadUserByUsername(AuthenticationService.java:52): anonymous
ERROR [org.apache.catalina.core.ContainerBase.[Tomcat].[localhost].[/starter-project].[jsp]] at acme.framework.services.AuthenticationService.loadUserByUsername(AuthenticationService.java:52): anonymous
ERROR [org.apache.catalina.core.ContainerBase.[Tomcat].[localhost].[/starter-project].[jsp]] at acme.framework.services.AuthenticationService.loadUserByUsername(AuthenticationService.java:52): anonymous
ERROR [org.apache.catalina.core.ContainerBase.[Tomcat].[localhost].[/starter-project].[jsp]] at acme.framework.services.AuthenticationService.loadUserByUsername(AuthenticationService.java:52): anonymous
ERROR [org.apache.catalina.core.ContainerBase.[Tomcat].[localhost].[/starter-project].[jsp]] at acme.framework.services.AuthenticationService.loadUserByUsername(AuthenticationService.java:52): anonymous
ERROR [org.apache.catalina.core.ContainerBase.[Tomcat].[localhost].[/starter-project].[jsp]] at acme.framework.services.AuthenticationService.loadUserByUsername(AuthenticationService.java:52): anonymous
ERROR [org.apache.catalina.core.ContainerBase.[Tomcat].[localhost].[/starter-project].[jsp]] at acme.framework.services.AuthenticationService.loadUserByUsername(AuthenticationService.java:52): anonymous
ERROR [org.apache.catalina.core.ContainerBase.[Tomcat].[localhost].[/starter-project].[jsp]] at acme.framework.services.AuthenticationService.loadUserByUsername(AuthenticationService.java:52): anonymous
ERROR [org.apache.catalina.core.ContainerBase.[Tomcat].[localhost].[/starter-project].[jsp]] at acme.framework.services.AuthenticationService.loadUserByUsername(AuthenticationService.java:52): anonymous
ERROR [org.apache.catalina.core.ContainerBase.[Tomcat].[localhost].[/starter-project].[jsp]] at acme.framework.services.AuthenticationService.loadUserByUsername(AuthenticationService.java:52): anonymous
ERROR [org.apache.catalina.core.ContainerBase.[Tomcat].[localhost].[/starter-project].[jsp]] at acme.framework.services.AuthenticationService.loadUserByUsername(AuthenticationService.java:52): anonymous
ERROR [org.apache.catalina.core.ContainerBase.[Tomcat].[localhost].[/starter-project].[jsp]] at acme.framework.services.AuthenticationService.loadUserByUsername(AuthenticationService.java:52): anonymous
ERROR [org.apache.catalina.core.ContainerBase.[Tomcat].[localhost].[/starter-project].[jsp]] at acme.framework.services.AuthenticationService.loadUserByUsername(AuthenticationService.java:52): anonymous
ERROR [org.apache.catalina.core.ContainerBase.[Tomcat].[localhost].[/starter-project].[jsp]] at acme.framework.services.AuthenticationService.loadUserByUsername(AuthenticationService.java:52): anonymous
ERROR [org.apache.catalina.core.ContainerBase.[Tomcat].[localhost].[/starter-project].[jsp]] at acme.framework.services.AuthenticationService.loadUserByUsername(AuthenticationService.java:52): anonymous
ERROR [org.apache.catalina.core.ContainerBase.[Tomcat].[localhost].[/starter-project].[jsp]] at acme.framework.services.AuthenticationService.loadUserByUsername(AuthenticationService.java:52): anonymous
ERROR [org.apache.catalina.core.ContainerBase.[Tomcat].[localhost].[/starter-project].[jsp]] at acme.framework.services.AuthenticationService.loadUserByUsername(AuthenticationService.java:52): anonymous
ERROR [org.apache.catalina.core.ContainerBase.[Tomcat].[localhost].[/starter-project].[jsp]] at acme.framework.services.AuthenticationService.loadUserByUsername(AuthenticationService.java:52): anonymous
ERROR [org.apache.catalina.core.ContainerBase.[Tomcat].[localhost].[/starter-project].[jsp]] at acme.framework.services.AuthenticationService.loadUserByUsername(AuthenticationService.java:52): anonymous
ERROR [org.apache.catalina.core.ContainerBase.[Tomcat].[localhost].[/starter-project].[jsp]] at acme.framework.services.AuthenticationService.loadUserByUsername(AuthenticationService.java:52): anonymous
ERROR [org.apache.catalina.core.ContainerBase.[Tomcat].[localhost].[/starter-project].[jsp]] at acme.framework.services.AuthenticationService.loadUserByUsername(AuthenticationService.java:52): anonymous
ERROR [org.apache.catalina.core.ContainerBase.[Tomcat].[localhost].[/starter-project].[jsp]] at acme.framework.services.AuthenticationService.loadUserByUsername(AuthenticationService.java:52): anonymous
ERROR [org.apache.catalina.core.ContainerBase.[Tomcat].[localhost].[/starter-project].[jsp]] at acme.framework.services.AuthenticationService.loadUserByUsername(AuthenticationService.java:52): anonymous
ERROR [org.apache.catalina.core.ContainerBase.[Tomcat].[localhost].[/starter-project].[jsp]] at acme.framework.services.AuthenticationService.loadUserByUsername(AuthenticationService.java:52): anonymous
ERROR [org.apache.catalina.core.ContainerBase.[Tomcat].[localhost].[/starter-project].[jsp]] at acme.framework.services.AuthenticationService.loadUserByUsername(AuthenticationService.java:52): anonymous
ERROR [org.apache.catalina.core.ContainerBase.[Tomcat].[localhost].[/starter-project].[jsp]] at acme.framework.services.AuthenticationService.loadUserByUsername(AuthenticationService.java:52): anonymous
ERROR [org.apache.catalina.core.ContainerBase.[Tomcat].[localhost].[/starter-project].[jsp]] at acme.framework.services.AuthenticationService.loadUserByUsername(AuthenticationService.java:52): anonymous
ERROR [org.apache.catalina.core.ContainerBase.[Tomcat].[localhost].[/starter-project].[jsp]] at acme.framework.services.AuthenticationService.loadUserByUsername(AuthenticationService.java:52): anonymous
ERROR [org.apache.catalina.core.ContainerBase.[Tomcat].[localhost].[/starter-project].[jsp]] at acme.framework.services.AuthenticationService.loadUserByUsername(AuthenticationService.java:52): anonymous
ERROR [org.apache.catalina.core.ContainerBase.[Tomcat].[localhost].[/starter-project].[jsp]] at acme.framework.services.AuthenticationService.loadUserByUsername(AuthenticationService.java:52): anonymous
ERROR [org.apache.catalina.core.ContainerBase.[Tomcat].[localhost].[/starter-project].[jsp]] at acme.framework.services.AuthenticationService.loadUserByUsername(AuthenticationService.java:52): anonymous
ERROR [org.apache.catalina.core.ContainerBase.[Tomcat].[localhost].[/starter-project].[jsp]] at acme.framework.services.AuthenticationService.loadUserByUsername(AuthenticationService.java:52): anonymous
ERROR [org.apache.catalina.core.ContainerBase.[Tomcat].[localhost].[/starter-project].[jsp]] at acme.framework.services.AuthenticationService.loadUserByUsername(AuthenticationService.java:52): anonymous
ERROR [org.apache.catalina.core.ContainerBase.[Tomcat].[localhost].[/starter-project].[jsp]] at acme.framework.services.AuthenticationService.loadUserByUsername(AuthenticationService.java:52): anonymous
ERROR [org.apache.catalina.core.ContainerBase.[Tomcat].[localhost].[/starter-project].[jsp]] at acme.framework.services.AuthenticationService.loadUserByUsername(AuthenticationService.java:52): anonymous
ERROR [org.apache.catalina.core.ContainerBase.[Tomcat].[localhost].[/starter-project].[jsp]] at acme.framework.services.AuthenticationService.loadUserByUsername(AuthenticationService.java:52): anonymous
ERROR [org.apache.catalina.core.ContainerBase.[Tomcat].[localhost].[/starter-project].[jsp]] at acme.framework.services.AuthenticationService.loadUserByUsername(AuthenticationService.java:52): anonymous
ERROR [org.apache.catalina.core.ContainerBase.[Tomcat].[localhost].[/starter-project].[jsp]] at acme.framework.services.AuthenticationService.loadUserByUsername(AuthenticationService.java:52): anonymous
ERROR [org.apache.catalina.core.ContainerBase.[Tomcat].[localhost].[/starter-project].[jsp]] at acme.framework.services.AuthenticationService.loadUserByUsername(AuthenticationService.java:52): anonymous
WARN [org.springframework.boot.web.servlet.context.AnnotationConfigServletWebServerApplicationContext] Exception encountered during context initialization - cancelling refresh attempt: org.springframework.beans.factory.UnsatisfiedDependencyException: Error creating bean with name 'authenticatedTechnologyRecordsController': Unsatisfied dependency expressed through field 'listService'; nested exception is org.springframework.beans.factory.UnsatisfiedDependencyException: Error creating bean with name 'authenticatedTechnologyRecordsListService': Unsatisfied dependency expressed through field 'repository'; nested exception is org.springframework.beans.factory.BeanCreationException: Error creating bean with name 'authenticatedTechnologyRecordsRepository': Invocation of init method failed; nested exception is java.lang.IllegalArgumentException: Validation failed for query for method public abstract acme.entities.TechnologyRecords acme.features.authenticated.technologyRecords.AuthenticatedTechnologyRecordsRepository.findOneById(int)!
ERROR [org.springframework.boot.SpringApplication] at org.springframework.beans.factory.annotation.AutowiredAnnotationBeanPostProcessor$AutowiredFieldElement.inject(AutowiredAnnotationBeanPostProcessor.java:596): Error creating bean with name 'authenticatedTechnologyRecordsController': Unsatisfied dependency expressed through field 'listService'; nested exception is org.springframework.beans.factory.UnsatisfiedDependencyException: Error creating bean with name 'authenticatedTechnologyRecordsListService': Unsatisfied dependency expressed through field 'repository'; nested exception is org.springframework.beans.factory.BeanCreationException: Error creating bean with name 'authenticatedTechnologyRecordsRepository': Invocation of init method failed; nested exception is java.lang.IllegalArgumentException: Validation failed for query for method public abstract acme.entities.TechnologyRecords acme.features.authenticated.technologyRecords.AuthenticatedTechnologyRecordsRepository.findOneById(int)!
at org.springframework.beans.factory.annotation.AutowiredAnnotationBeanPostProcessor$AutowiredFieldElement.inject(AutowiredAnnotationBeanPostProcessor.java:596): Error creating bean with name 'authenticatedTechnologyRecordsListService': Unsatisfied dependency expressed through field 'repository'; nested exception is org.springframework.beans.factory.BeanCreationException: Error creating bean with name 'authenticatedTechnologyRecordsRepository': Invocation of init method failed; nested exception is java.lang.IllegalArgumentException: Validation failed for query for method public abstract acme.entities.TechnologyRecords acme.features.authenticated.technologyRecords.AuthenticatedTechnologyRecordsRepository.findOneById(int)!
at org.springframework.beans.factory.support.AbstractAutowireCapableBeanFactory.initializeBean(AbstractAutowireCapableBeanFactory.java:1778): Error creating bean with name 'authenticatedTechnologyRecordsRepository': Invocation of init method failed; nested exception is java.lang.IllegalArgumentException: Validation failed for query for method public abstract acme.entities.TechnologyRecords acme.features.authenticated.technologyRecords.AuthenticatedTechnologyRecordsRepository.findOneById(int)!
at org.springframework.data.jpa.repository.query.SimpleJpaQuery.validateQuery(SimpleJpaQuery.java:93): Validation failed for query for method public abstract acme.entities.TechnologyRecords acme.features.authenticated.technologyRecords.AuthenticatedTechnologyRecordsRepository.findOneById(int)!
at org.hibernate.internal.ExceptionConverterImpl.convert(ExceptionConverterImpl.java:138): org.hibernate.hql.internal.ast.QuerySyntaxException: TechnologyRecords is not mapped [select tr from TechnologyRecords tr where tr.id = ?1]
at org.hibernate.hql.internal.ast.QuerySyntaxException.generateQueryException(QuerySyntaxException.java:79): TechnologyRecords is not mapped [select tr from TechnologyRecords tr where tr.id = ?1]
at org.hibernate.hql.internal.ast.util.SessionFactoryHelper.requireClassPersister(SessionFactoryHelper.java:169): TechnologyRecords is not mapped
WARN [org.springframework.boot.web.servlet.context.AnnotationConfigServletWebServerApplicationContext] Exception encountered during context initialization - cancelling refresh attempt: org.springframework.beans.factory.UnsatisfiedDependencyException: Error creating bean with name 'authenticatedTechnologyRecordsController': Unsatisfied dependency expressed through field 'listService'; nested exception is org.springframework.beans.factory.UnsatisfiedDependencyException: Error creating bean with name 'authenticatedTechnologyRecordsListService': Unsatisfied dependency expressed through field 'repository'; nested exception is org.springframework.beans.factory.BeanCreationException: Error creating bean with name 'authenticatedTechnologyRecordsRepository': Invocation of init method failed; nested exception is java.lang.IllegalArgumentException: Validation failed for query for method public abstract java.util.Collection acme.features.authenticated.technologyRecords.AuthenticatedTechnologyRecordsRepository.findManyAll()!
ERROR [org.springframework.boot.SpringApplication] at org.springframework.beans.factory.annotation.AutowiredAnnotationBeanPostProcessor$AutowiredFieldElement.inject(AutowiredAnnotationBeanPostProcessor.java:596): Error creating bean with name 'authenticatedTechnologyRecordsController': Unsatisfied dependency expressed through field 'listService'; nested exception is org.springframework.beans.factory.UnsatisfiedDependencyException: Error creating bean with name 'authenticatedTechnologyRecordsListService': Unsatisfied dependency expressed through field 'repository'; nested exception is org.springframework.beans.factory.BeanCreationException: Error creating bean with name 'authenticatedTechnologyRecordsRepository': Invocation of init method failed; nested exception is java.lang.IllegalArgumentException: Validation failed for query for method public abstract java.util.Collection acme.features.authenticated.technologyRecords.AuthenticatedTechnologyRecordsRepository.findManyAll()!
at org.springframework.beans.factory.annotation.AutowiredAnnotationBeanPostProcessor$AutowiredFieldElement.inject(AutowiredAnnotationBeanPostProcessor.java:596): Error creating bean with name 'authenticatedTechnologyRecordsListService': Unsatisfied dependency expressed through field 'repository'; nested exception is org.springframework.beans.factory.BeanCreationException: Error creating bean with name 'authenticatedTechnologyRecordsRepository': Invocation of init method failed; nested exception is java.lang.IllegalArgumentException: Validation failed for query for method public abstract java.util.Collection acme.features.authenticated.technologyRecords.AuthenticatedTechnologyRecordsRepository.findManyAll()!
at org.springframework.beans.factory.support.AbstractAutowireCapableBeanFactory.initializeBean(AbstractAutowireCapableBeanFactory.java:1778): Error creating bean with name 'authenticatedTechnologyRecordsRepository': Invocation of init method failed; nested exception is java.lang.IllegalArgumentException: Validation failed for query for method public abstract java.util.Collection acme.features.authenticated.technologyRecords.AuthenticatedTechnologyRecordsRepository.findManyAll()!
at org.springframework.data.jpa.repository.query.SimpleJpaQuery.validateQuery(SimpleJpaQuery.java:93): Validation failed for query for method public abstract java.util.Collection acme.features.authenticated.technologyRecords.AuthenticatedTechnologyRecordsRepository.findManyAll()!
at org.hibernate.internal.ExceptionConverterImpl.convert(ExceptionConverterImpl.java:138): org.hibernate.QueryException: No data type for node: org.hibernate.hql.internal.ast.tree.IdentNode 
\-[IDENT] IdentNode: 't' {originalText=t}
[select t from acme.entities.TechnologyRecords]
at org.hibernate.QueryException.generateQueryException(QueryException.java:120): No data type for node: org.hibernate.hql.internal.ast.tree.IdentNode 
\-[IDENT] IdentNode: 't' {originalText=t}
[select t from acme.entities.TechnologyRecords]
at org.hibernate.hql.internal.ast.tree.SelectClause.initializeExplicitSelectClause(SelectClause.java:161): No data type for node: org.hibernate.hql.internal.ast.tree.IdentNode 
\-[IDENT] IdentNode: 't' {originalText=t}
WARN [org.springframework.boot.web.servlet.context.AnnotationConfigServletWebServerApplicationContext] Exception encountered during context initialization - cancelling refresh attempt: org.springframework.beans.factory.UnsatisfiedDependencyException: Error creating bean with name 'authenticatedTechnologyRecordsController': Unsatisfied dependency expressed through field 'listService'; nested exception is org.springframework.beans.factory.UnsatisfiedDependencyException: Error creating bean with name 'authenticatedTechnologyRecordsListService': Unsatisfied dependency expressed through field 'repository'; nested exception is org.springframework.beans.factory.BeanCreationException: Error creating bean with name 'authenticatedTechnologyRecordsRepository': Invocation of init method failed; nested exception is java.lang.IllegalArgumentException: Validation failed for query for method public abstract java.util.Collection acme.features.authenticated.technologyRecords.AuthenticatedTechnologyRecordsRepository.findManyAll()!
ERROR [org.springframework.boot.SpringApplication] at org.springframework.beans.factory.annotation.AutowiredAnnotationBeanPostProcessor$AutowiredFieldElement.inject(AutowiredAnnotationBeanPostProcessor.java:596): Error creating bean with name 'authenticatedTechnologyRecordsController': Unsatisfied dependency expressed through field 'listService'; nested exception is org.springframework.beans.factory.UnsatisfiedDependencyException: Error creating bean with name 'authenticatedTechnologyRecordsListService': Unsatisfied dependency expressed through field 'repository'; nested exception is org.springframework.beans.factory.BeanCreationException: Error creating bean with name 'authenticatedTechnologyRecordsRepository': Invocation of init method failed; nested exception is java.lang.IllegalArgumentException: Validation failed for query for method public abstract java.util.Collection acme.features.authenticated.technologyRecords.AuthenticatedTechnologyRecordsRepository.findManyAll()!
at org.springframework.beans.factory.annotation.AutowiredAnnotationBeanPostProcessor$AutowiredFieldElement.inject(AutowiredAnnotationBeanPostProcessor.java:596): Error creating bean with name 'authenticatedTechnologyRecordsListService': Unsatisfied dependency expressed through field 'repository'; nested exception is org.springframework.beans.factory.BeanCreationException: Error creating bean with name 'authenticatedTechnologyRecordsRepository': Invocation of init method failed; nested exception is java.lang.IllegalArgumentException: Validation failed for query for method public abstract java.util.Collection acme.features.authenticated.technologyRecords.AuthenticatedTechnologyRecordsRepository.findManyAll()!
at org.springframework.beans.factory.support.AbstractAutowireCapableBeanFactory.initializeBean(AbstractAutowireCapableBeanFactory.java:1778): Error creating bean with name 'authenticatedTechnologyRecordsRepository': Invocation of init method failed; nested exception is java.lang.IllegalArgumentException: Validation failed for query for method public abstract java.util.Collection acme.features.authenticated.technologyRecords.AuthenticatedTechnologyRecordsRepository.findManyAll()!
at org.springframework.data.jpa.repository.query.SimpleJpaQuery.validateQuery(SimpleJpaQuery.java:93): Validation failed for query for method public abstract java.util.Collection acme.features.authenticated.technologyRecords.AuthenticatedTechnologyRecordsRepository.findManyAll()!
at org.hibernate.internal.ExceptionConverterImpl.convert(ExceptionConverterImpl.java:138): org.hibernate.QueryException: No data type for node: org.hibernate.hql.internal.ast.tree.IdentNode 
\-[IDENT] IdentNode: 't' {originalText=t}
[select t from acme.entities.TechnologyRecords]
at org.hibernate.QueryException.generateQueryException(QueryException.java:120): No data type for node: org.hibernate.hql.internal.ast.tree.IdentNode 
\-[IDENT] IdentNode: 't' {originalText=t}
[select t from acme.entities.TechnologyRecords]
at org.hibernate.hql.internal.ast.tree.SelectClause.initializeExplicitSelectClause(SelectClause.java:161): No data type for node: org.hibernate.hql.internal.ast.tree.IdentNode 
\-[IDENT] IdentNode: 't' {originalText=t}
WARN [org.springframework.boot.web.servlet.context.AnnotationConfigServletWebServerApplicationContext] Exception encountered during context initialization - cancelling refresh attempt: org.springframework.beans.factory.UnsatisfiedDependencyException: Error creating bean with name 'authenticatedTechnologyRecordsController': Unsatisfied dependency expressed through field 'listService'; nested exception is org.springframework.beans.factory.UnsatisfiedDependencyException: Error creating bean with name 'authenticatedTechnologyRecordsListService': Unsatisfied dependency expressed through field 'repository'; nested exception is org.springframework.beans.factory.BeanCreationException: Error creating bean with name 'authenticatedTechnologyRecordsRepository': Invocation of init method failed; nested exception is java.lang.IllegalArgumentException: Validation failed for query for method public abstract java.util.Collection acme.features.authenticated.technologyRecords.AuthenticatedTechnologyRecordsRepository.findManyAll()!
ERROR [org.springframework.boot.SpringApplication] at org.springframework.beans.factory.annotation.AutowiredAnnotationBeanPostProcessor$AutowiredFieldElement.inject(AutowiredAnnotationBeanPostProcessor.java:596): Error creating bean with name 'authenticatedTechnologyRecordsController': Unsatisfied dependency expressed through field 'listService'; nested exception is org.springframework.beans.factory.UnsatisfiedDependencyException: Error creating bean with name 'authenticatedTechnologyRecordsListService': Unsatisfied dependency expressed through field 'repository'; nested exception is org.springframework.beans.factory.BeanCreationException: Error creating bean with name 'authenticatedTechnologyRecordsRepository': Invocation of init method failed; nested exception is java.lang.IllegalArgumentException: Validation failed for query for method public abstract java.util.Collection acme.features.authenticated.technologyRecords.AuthenticatedTechnologyRecordsRepository.findManyAll()!
at org.springframework.beans.factory.annotation.AutowiredAnnotationBeanPostProcessor$AutowiredFieldElement.inject(AutowiredAnnotationBeanPostProcessor.java:596): Error creating bean with name 'authenticatedTechnologyRecordsListService': Unsatisfied dependency expressed through field 'repository'; nested exception is org.springframework.beans.factory.BeanCreationException: Error creating bean with name 'authenticatedTechnologyRecordsRepository': Invocation of init method failed; nested exception is java.lang.IllegalArgumentException: Validation failed for query for method public abstract java.util.Collection acme.features.authenticated.technologyRecords.AuthenticatedTechnologyRecordsRepository.findManyAll()!
at org.springframework.beans.factory.support.AbstractAutowireCapableBeanFactory.initializeBean(AbstractAutowireCapableBeanFactory.java:1778): Error creating bean with name 'authenticatedTechnologyRecordsRepository': Invocation of init method failed; nested exception is java.lang.IllegalArgumentException: Validation failed for query for method public abstract java.util.Collection acme.features.authenticated.technologyRecords.AuthenticatedTechnologyRecordsRepository.findManyAll()!
at org.springframework.data.jpa.repository.query.SimpleJpaQuery.validateQuery(SimpleJpaQuery.java:93): Validation failed for query for method public abstract java.util.Collection acme.features.authenticated.technologyRecords.AuthenticatedTechnologyRecordsRepository.findManyAll()!
at org.hibernate.internal.ExceptionConverterImpl.convert(ExceptionConverterImpl.java:138): org.hibernate.QueryException: No data type for node: org.hibernate.hql.internal.ast.tree.IdentNode 
\-[IDENT] IdentNode: 't' {originalText=t}
[select t from acme.entities.TechnologyRecords]
at org.hibernate.QueryException.generateQueryException(QueryException.java:120): No data type for node: org.hibernate.hql.internal.ast.tree.IdentNode 
\-[IDENT] IdentNode: 't' {originalText=t}
[select t from acme.entities.TechnologyRecords]
at org.hibernate.hql.internal.ast.tree.SelectClause.initializeExplicitSelectClause(SelectClause.java:161): No data type for node: org.hibernate.hql.internal.ast.tree.IdentNode 
\-[IDENT] IdentNode: 't' {originalText=t}
ERROR [org.apache.commons.digester.Digester] at com.sun.org.apache.xerces.internal.util.ErrorHandlerWrapper.createSAXParseException(Unknown Source): Premature end of file.
ERROR [org.apache.catalina.core.ContainerBase.[Tomcat].[localhost].[/acme-incubator].[dispatcherServlet]] at com.sun.org.apache.xerces.internal.util.ErrorHandlerWrapper.createSAXParseException(Unknown Source): Premature end of file.
ERROR [org.apache.commons.digester.Digester] at com.sun.org.apache.xerces.internal.util.ErrorHandlerWrapper.createSAXParseException(Unknown Source): Premature end of file.
ERROR [org.apache.catalina.core.ContainerBase.[Tomcat].[localhost].[/acme-incubator].[dispatcherServlet]] at com.sun.org.apache.xerces.internal.util.ErrorHandlerWrapper.createSAXParseException(Unknown Source): Premature end of file.
ERROR [org.apache.catalina.core.ContainerBase.[Tomcat].[localhost]] at org.springframework.web.servlet.FrameworkServlet.processRequest(FrameworkServlet.java:1013): Request processing failed; nested exception is org.apache.tiles.definition.DefinitionsFactoryException: XML error reading definitions.
at org.apache.tiles.definition.digester.DigesterDefinitionsReader.read(DigesterDefinitionsReader.java:328): XML error reading definitions.
at com.sun.org.apache.xerces.internal.util.ErrorHandlerWrapper.createSAXParseException(Unknown Source): Premature end of file.
WARN [org.springframework.boot.web.servlet.context.AnnotationConfigServletWebServerApplicationContext] Exception encountered during context initialization - cancelling refresh attempt: org.springframework.beans.factory.BeanCreationException: Error creating bean with name 'entityManagerFactory' defined in class path resource [org/springframework/boot/autoconfigure/orm/jpa/HibernateJpaConfiguration.class]: Invocation of init method failed; nested exception is javax.persistence.PersistenceException: [PersistenceUnit: default] Unable to build Hibernate SessionFactory; nested exception is org.hibernate.tool.schema.spi.SchemaManagementException: Schema-validation: wrong column type encountered in column [stars] in table [tool_records]; found [double (Types#DOUBLE)], but expecting [integer (Types#INTEGER)]
ERROR [org.springframework.boot.SpringApplication] at org.springframework.beans.factory.support.AbstractAutowireCapableBeanFactory.initializeBean(AbstractAutowireCapableBeanFactory.java:1778): Error creating bean with name 'entityManagerFactory' defined in class path resource [org/springframework/boot/autoconfigure/orm/jpa/HibernateJpaConfiguration.class]: Invocation of init method failed; nested exception is javax.persistence.PersistenceException: [PersistenceUnit: default] Unable to build Hibernate SessionFactory; nested exception is org.hibernate.tool.schema.spi.SchemaManagementException: Schema-validation: wrong column type encountered in column [stars] in table [tool_records]; found [double (Types#DOUBLE)], but expecting [integer (Types#INTEGER)]
at org.springframework.orm.jpa.AbstractEntityManagerFactoryBean.buildNativeEntityManagerFactory(AbstractEntityManagerFactoryBean.java:402): [PersistenceUnit: default] Unable to build Hibernate SessionFactory; nested exception is org.hibernate.tool.schema.spi.SchemaManagementException: Schema-validation: wrong column type encountered in column [stars] in table [tool_records]; found [double (Types#DOUBLE)], but expecting [integer (Types#INTEGER)]
at org.hibernate.tool.schema.internal.AbstractSchemaValidator.validateColumnType(AbstractSchemaValidator.java:159): Schema-validation: wrong column type encountered in column [stars] in table [tool_records]; found [double (Types#DOUBLE)], but expecting [integer (Types#INTEGER)]
